#
# An unexpected error has been detected by HotSpot Virtual Machine:
#
#  EXCEPTION_ACCESS_VIOLATION (0xc0000005) at pc=0x6d68e00e, pid=556, tid=2640
#
# Java VM: Java HotSpot(TM) Client VM (1.5.0-beta-b32c mixed mode)
# Problematic frame:
# V  [jvm.dll+0x5e00e]
#

---------------  T H R E A D  ---------------

Current thread (0x007e83b8):  JavaThread "JDWP Transport Listener: dt_socket" daemon [_thread_in_vm, id=2640]

siginfo: ExceptionCode=0xc0000005, reading address 0x00000008

Registers:
EAX=0x00000000, EBX=0x00865014, ECX=0x00000008, EDX=0x00865018
ESP=0x0166f95c, EBP=0x0166f97c, ESI=0x000f000e, EDI=0x00000000
EIP=0x6d68e00e, EFLAGS=0x00010206

Top of Stack: (sp=0x0166f95c)
0x0166f95c:   73eda410 6d6a400f 00000172 007e83b8
0x0166f96c:   73eda1d0 0074d8c8 18200021 00000014
0x0166f97c:   0166f9a8 6d703a10 00865010 73eda3c0
0x0166f98c:   007e83b8 6d6e8b79 73eda3c0 0166f9c0
0x0166f99c:   0166f9d4 00742e18 0085f401 0166f9c4
0x0166f9ac:   6d354228 007e83b8 00742e18 0166f9c0
0x0166f9bc:   0166fb70 0166fb40 0166fb70 6d35ab37
0x0166f9cc:   0166fb40 0166f9e0 00000001 007e83b8 

Instructions: (pc=0x6d68e00e)
0x6d68dffe:   00 8b 44 24 04 56 8b 74 81 18 8b 46 04 8d 48 08
0x6d68e00e:   8b 40 08 ff 50 7c 85 c0 74 05 8b 46 48 eb 02 8b 


Stack: [0x01570000,0x01670000),  sp=0x0166f95c,  free space=1022k
Native frames: (J=compiled Java code, j=interpreted, Vv=VM code, C=native code)
V  [jvm.dll+0x5e00e]
V  [jvm.dll+0xd3a10]
C  [jdwp.dll+0x4228]
C  [jdwp.dll+0xab37]
C  [jdwp.dll+0x16c19]
V  [jvm.dll+0x11eba7]
V  [jvm.dll+0x11eb75]
C  [MSVCRT.dll+0x60ce]
C  [KERNEL32.DLL+0x87dd]


---------------  P R O C E S S  ---------------

Java Threads: ( => current thread )
  0x020712e0 JavaThread "Thread-25" [_thread_blocked, id=1548]
  0x02acb148 JavaThread "Thread-14" [_thread_blocked, id=1448]
  0x007e7b68 JavaThread "DestroyJavaVM" [_thread_blocked, id=2268]
  0x01f8e008 JavaThread "Thread-12" [_thread_in_native, id=1576]
  0x01ff13c8 JavaThread "Thread-11" [_thread_in_native, id=2012]
  0x01e72d40 JavaThread "Timer-0" [_thread_blocked, id=1760]
  0x01fda488 JavaThread "\\MATAF33\HP LaserJet 4100 PCL 6 notifier" daemon [_thread_blocked, id=1668]
  0x01fb7c90 JavaThread "Thread-7" [_thread_in_native, id=1740]
  0x01e39930 JavaThread "Thread-5" [_thread_blocked, id=1528]
  0x027ab780 JavaThread "AWT-EventQueue-0" [_thread_blocked, id=2628]
  0x02791a08 JavaThread "Thread-4" daemon [_thread_blocked, id=1084]
  0x02791648 JavaThread "TimerQueue" daemon [_thread_blocked, id=1436]
  0x02126248 JavaThread "AWT-Windows" daemon [_thread_in_native, id=1892]
  0x027bfd20 JavaThread "AWT-Shutdown" [_thread_blocked, id=1552]
  0x0278d558 JavaThread "Java2D Disposer" daemon [_thread_blocked, id=2528]
  0x0279ad78 JavaThread "Thread-1" [_thread_in_native, id=1404]
  0x0277a540 JavaThread "Thread-0" [_thread_blocked, id=1660]
  0x0086c2e0 JavaThread "Low Memory Detector" daemon [_thread_blocked, id=2512]
  0x0086a990 JavaThread "CompilerThread0" daemon [_thread_blocked, id=1856]
  0x00869b30 JavaThread "Signal Dispatcher" daemon [_thread_blocked, id=1460]
  0x00867070 JavaThread "JDWP Command Reader" daemon [_thread_in_native, id=1996]
  0x008660f0 JavaThread "JDWP Event Helper Thread" daemon [_thread_blocked, id=2200]
=>0x007e83b8 JavaThread "JDWP Transport Listener: dt_socket" daemon [_thread_in_vm, id=2640]
  0x00844c70 JavaThread "Finalizer" daemon [_thread_blocked, id=1092]
  0x00843798 JavaThread "Reference Handler" daemon [_thread_blocked, id=2580]

Other Threads:
  0x00840ea8 VMThread [id=1664]
  0x0087e908 WatcherThread [id=2632]

VM state:not at safepoint (normal execution)

VM Mutex/Monitor currently owned by a thread: None

Heap
 def new generation   total 1152K, used 978K [0x6f570000, 0x6f6b0000, 0x6fa50000)
  eden space 1024K,  89% used [0x6f570000, 0x6f654a80, 0x6f670000)
  from space 128K,  49% used [0x6f670000, 0x6f67fee8, 0x6f690000)
  to   space 128K,   0% used [0x6f690000, 0x6f690000, 0x6f6b0000)
 tenured generation   total 14552K, used 9255K [0x6fa50000, 0x70886000, 0x73570000)
   the space 14552K,  63% used [0x6fa50000, 0x70359fe0, 0x7035a000, 0x70886000)
 compacting perm gen  total 15104K, used 15071K [0x73570000, 0x74430000, 0x77570000)
   the space 15104K,  99% used [0x73570000, 0x74427ff8, 0x74428000, 0x74430000)
No shared spaces configured.

Dynamic libraries:
0x00400000 - 0x0040b000 	C:\j2sdk1.5.0\bin\javaw.exe
0x77f80000 - 0x77ffb000 	C:\WINNT\System32\ntdll.dll
0x77db0000 - 0x77e0d000 	C:\WINNT\system32\ADVAPI32.dll
0x77e80000 - 0x77f36000 	C:\WINNT\system32\KERNEL32.DLL
0x77d30000 - 0x77da1000 	C:\WINNT\system32\RPCRT4.DLL
0x77e10000 - 0x77e75000 	C:\WINNT\system32\USER32.dll
0x77f40000 - 0x77f7c000 	C:\WINNT\system32\GDI32.DLL
0x78000000 - 0x78046000 	C:\WINNT\system32\MSVCRT.dll
0x6ca60000 - 0x6ca68000 	C:\WINNT\System32\LPK.DLL
0x66650000 - 0x666a4000 	C:\WINNT\System32\USP10.dll
0x6d630000 - 0x6d7d7000 	C:\j2sdk1.5.0\jre\bin\client\jvm.dll
0x77570000 - 0x775a0000 	C:\WINNT\System32\WINMM.dll
0x6d270000 - 0x6d277000 	C:\j2sdk1.5.0\jre\bin\hpi.dll
0x690a0000 - 0x690ab000 	C:\WINNT\System32\PSAPI.DLL
0x6d350000 - 0x6d384000 	C:\j2sdk1.5.0\jre\bin\jdwp.dll
0x6d600000 - 0x6d60b000 	C:\j2sdk1.5.0\jre\bin\verify.dll
0x6d2e0000 - 0x6d2fc000 	C:\j2sdk1.5.0\jre\bin\java.dll
0x6d620000 - 0x6d62e000 	C:\j2sdk1.5.0\jre\bin\zip.dll
0x6d210000 - 0x6d216000 	C:\j2sdk1.5.0\jre\bin\dt_socket.dll
0x00dc0000 - 0x00dd3000 	C:\WINNT\System32\WS2_32.dll
0x00de0000 - 0x00de8000 	C:\WINNT\System32\WS2HELP.DLL
0x782c0000 - 0x782cc000 	C:\WINNT\System32\rnr20.dll
0x77980000 - 0x779a4000 	C:\WINNT\System32\DNSAPI.DLL
0x00df0000 - 0x00df8000 	C:\WINNT\System32\WSOCK32.DLL
0x00e00000 - 0x00e13000 	C:\WINNT\System32\iphlpapi.dll
0x00e20000 - 0x00e25000 	C:\WINNT\System32\ICMP.DLL
0x00e30000 - 0x00e47000 	C:\WINNT\System32\MPRAPI.DLL
0x00e50000 - 0x00e60000 	C:\WINNT\System32\SAMLIB.DLL
0x00e60000 - 0x00eaf000 	C:\WINNT\System32\NETAPI32.DLL
0x77be0000 - 0x77bef000 	C:\WINNT\System32\SECUR32.DLL
0x00eb0000 - 0x00eb6000 	C:\WINNT\System32\NETRAP.DLL
0x77950000 - 0x7797a000 	C:\WINNT\system32\WLDAP32.DLL
0x77a50000 - 0x77b45000 	C:\WINNT\system32\OLE32.DLL
0x779b0000 - 0x77a4b000 	C:\WINNT\system32\OLEAUT32.DLL
0x00ec0000 - 0x00eee000 	C:\WINNT\System32\ACTIVEDS.DLL
0x00ef0000 - 0x00f12000 	C:\WINNT\System32\ADSLDPC.DLL
0x77830000 - 0x7783e000 	C:\WINNT\System32\RTUTILS.DLL
0x77880000 - 0x7790d000 	C:\WINNT\System32\SETUPAPI.DLL
0x77c10000 - 0x77c6e000 	C:\WINNT\System32\USERENV.DLL
0x00f20000 - 0x00f52000 	C:\WINNT\System32\RASAPI32.DLL
0x00f60000 - 0x00f71000 	C:\WINNT\System32\RASMAN.DLL
0x00f80000 - 0x00fa2000 	C:\WINNT\System32\TAPI32.DLL
0x00fb0000 - 0x01034000 	C:\WINNT\system32\COMCTL32.DLL
0x01040000 - 0x010a5000 	C:\WINNT\system32\SHLWAPI.DLL
0x010b0000 - 0x010c9000 	C:\WINNT\System32\DHCPCSVC.DLL
0x777e0000 - 0x777e8000 	C:\WINNT\System32\winrnr.dll
0x777f0000 - 0x777f5000 	C:\WINNT\System32\rasadhlp.dll
0x01540000 - 0x0155d000 	C:\WINNT\system32\msafd.dll
0x01560000 - 0x01567000 	C:\WINNT\System32\wshtcpip.dll
0x10000000 - 0x1001b000 	C:\j2sdk1.5.0\jre\bin\bridge2java.dll
0x6d4a0000 - 0x6d4b3000 	C:\j2sdk1.5.0\jre\bin\net.dll
0x6d010000 - 0x6d16b000 	C:\j2sdk1.5.0\jre\bin\awt.dll
0x77800000 - 0x7781e000 	C:\WINNT\System32\WINSPOOL.DRV
0x02f10000 - 0x02f20000 	C:\WINNT\system32\MPR.DLL
0x02f20000 - 0x02f3a000 	C:\WINNT\System32\IMM32.dll
0x51000000 - 0x5104d000 	C:\WINNT\System32\ddraw.dll
0x02f60000 - 0x02f66000 	C:\WINNT\System32\DCIMAN32.dll
0x5c000000 - 0x5c0c8000 	C:\WINNT\System32\D3DIM700.DLL
0x6d230000 - 0x6d26e000 	C:\j2sdk1.5.0\jre\bin\fontmanager.dll
0x60000000 - 0x60045000 	C:\WINNT\System32\MSCTF.dll
0x782f0000 - 0x78536000 	C:\WINNT\system32\shell32.dll
0x6d4c0000 - 0x6d4c8000 	C:\j2sdk1.5.0\jre\bin\nio.dll
0x04270000 - 0x0444f000 	C:\WINNT\System32\spool\DRIVERS\W32X86\3\HPBF042E.DLL
0x04450000 - 0x0448d000 	C:\WINNT\system32\comdlg32.dll
0x77820000 - 0x77827000 	C:\WINNT\system32\VERSION.dll
0x04490000 - 0x04496000 	C:\WINNT\system32\LZ32.DLL
0x044a0000 - 0x044d7000 	C:\WINNT\System32\COMPSTUI.dll
0x6b2c0000 - 0x6b2c5000 	C:\WINNT\System32\MSIMG32.dll
0x10020000 - 0x10198000 	C:\WINNT\System32\spool\DRIVERS\W32X86\3\HPBF042G.DLL
0x6d1c0000 - 0x6d1e2000 	C:\j2sdk1.5.0\jre\bin\dcpr.dll

VM Arguments:
jvm_args: -Xdebug -Xnoagent -Djava.compiler=NONE -Xrunjdwp:transport=dt_socket,suspend=y,address=localhost:12649
java_command: com.mataf.dse.appl.OpenDesktop

Environment Variables:
CLASSPATH=.;C:\PROGRA~1\IBM\SQLLIB\java\db2java.zip;C:\PROGRA~1\IBM\SQLLIB\java\db2jcc.jar;C:\PROGRA~1\IBM\SQLLIB\java\sqlj.zip;C:\PROGRA~1\IBM\SQLLIB\bin;C:\PROGRA~1\IBM\SQLLIB\java\common.jar;C:\j2sdk1.5.0\jre\bin;
PATH=C:\PROGRA~1\RATIONAL\RATION~1\NUTCROOT\bin;C:\PROGRA~1\RATIONAL\RATION~1\NUTCROOT\bin\x11;C:\PROGRA~1\RATIONAL\RATION~1\NUTCROOT\mksnt;C:\Program Files\CA\pec\bin;C:\Program Files\SNA\system;c:\Oracle\Ora81\bin;C:\Program Files\Oracle\jre\1.1.7\bin;C:\WINNT\system32;C:\WINNT;C:\WINNT\System32\Wbem;C:\Program Files\IBM\Trace Facility;C:\MCESM\EXE;c:\Oracle\Ora8030\BIN;C:\ORANT80\BIN;C:\ORANT8\BIN;T:\;C:\PROGRA~1\IBM\SQLLIB\BIN;C:\PROGRA~1\IBM\SQLLIB\FUNCTION;C:\PROGRA~1\IBM\SQLLIB\SAMPLES\REPL;L:\DLL;C:\j2sdk1.5.0\jre\bin;c:\Prorgam Files\ZipApps;L:\DLL;L:\DLLW;C:\j2sdk1.5.0\jre\bin\;c:\j2sdk1.5.0\bin;C:\Program Files\CA\CCC_Harvest;C:\CSNTAPI;C:\Program Files\cvsnt;I:\CVSNT;C:\Program Files\Rational\common
USERNAME=Nati
OS=Windows_NT
PROCESSOR_IDENTIFIER=x86 Family 15 Model 2 Stepping 7, GenuineIntel


---------------  S Y S T E M  ---------------

OS: Windows 2000 Build 2195 Service Pack 3

CPU:total 1(active 1) family 15, cmov, cx8, fxsr, mmx, sse, sse2

Memory: 4k page, physical 777200k(88504k free), swap 1911868k(1190184k free)

vm_info: Java HotSpot(TM) Client VM (1.5.0-beta-b32c) for windows-x86, built on Jan 23 2004 01:52:20 by "java_re" with MS VC++ 6.0

