************ Start Display Current Environment ************
WebSphere Platform 6.1 [BASE 6.1.0.5 cf50652.12]  running with process name N815Node01Cell\N815Node01\server1 and process id 4708
Host Operating System is Windows XP, version 5.1 build 2600 Service Pack 2
Java version = J2RE 1.5.0 IBM J9 2.3 Windows XP x86-32 j9vmwi3223-20060504 (JIT enabled)
J9VM - 20060501_06428_lHdSMR
JIT  - 20060428_1800_r8
GC   - 20060501_AA, Java Compiler = j9jit23, Java VM name = IBM J9 VM
was.install.root = C:\Program Files\IBM\SDP70\runtimes\base_v61
user.install.root = C:\Program Files\IBM\SDP70\runtimes\base_v61\profiles\AppSrv01
Java Home = C:\Program Files\IBM\SDP70\runtimes\base_v61\java\jre
ws.ext.dirs = C:\Program Files\IBM\SDP70\runtimes\base_v61/java/lib;C:\Program Files\IBM\SDP70\runtimes\base_v61\profiles\AppSrv01/classes;C:\Program Files\IBM\SDP70\runtimes\base_v61/classes;C:\Program Files\IBM\SDP70\runtimes\base_v61/lib;C:\Program Files\IBM\SDP70\runtimes\base_v61/installedChannels;C:\Program Files\IBM\SDP70\runtimes\base_v61/lib/ext;C:\Program Files\IBM\SDP70\runtimes\base_v61/web/help;C:\Program Files\IBM\SDP70\runtimes\base_v61/deploytool/itp/plugins/com.ibm.etools.ejbdeploy/runtime
Classpath = C:\Program Files\IBM\SDP70\runtimes\base_v61\profiles\AppSrv01/properties;C:\Program Files\IBM\SDP70\runtimes\base_v61/properties;C:\Program Files\IBM\SDP70\runtimes\base_v61/lib/startup.jar;C:\Program Files\IBM\SDP70\runtimes\base_v61/lib/bootstrap.jar;C:\Program Files\IBM\SDP70\runtimes\base_v61/lib/j2ee.jar;C:\Program Files\IBM\SDP70\runtimes\base_v61/lib/lmproxy.jar;C:\Program Files\IBM\SDP70\runtimes\base_v61/lib/urlprotocols.jar;C:\Program Files\IBM\SDP70\runtimes\base_v61/deploytool/itp/batchboot.jar;C:\Program Files\IBM\SDP70\runtimes\base_v61/deploytool/itp/batch2.jar;C:\Program Files\IBM\SDP70\runtimes\base_v61/java/lib/tools.jar
Java Library path = C:\Program Files\IBM\SDP70\runtimes\base_v61\java\jre\bin;.;C:\Program Files\IBM\SDP70\runtimes\base_v61\java\jre\bin;C:\Program Files\IBM\SDP70\runtimes\base_v61\bin;C:\Program Files\IBM\SDP70\runtimes\base_v61\java\bin;C:\Program Files\IBM\SDP70\runtimes\base_v61\java\jre\bin;C:\Program Files\CA\SharedComponents\CAWIN\;C:\WINDOWS\system32;C:\WINDOWS;C:\WINDOWS\System32\Wbem;C:\hoshentools\.;c:\Oracle\Ora10g\bin;C:\WINDOWS\Microsoft.NET\Framework\v1.1.4322;C:\Program Files\Microsoft Visual Studio .NET 2003\SDK\v1.1\bin;C:\Program Files\IBM\Rational\SDP\6.0\runtimes\base_v6\java\bin;C:\Dependencies\ikvm\0.22.0.0\bin;C:\Program Files\IBM\Rational\SDP\6.0;C:\Program Files\IBM\Rational\SDP\6.0\bin;C:\Program Files\IBM\Rational\SDP\6.0\eclipse;C:\Program Files\IBM\Rational\SDP\6.0\runtimes\base_v6\bin;C:\Program Files\CA\SharedComponents\CAM\bin;C:\CA_APPSW;C:\Program Files\CA\Unicenter DSM\bin;C:\Program Files\Rational\common;C:\Program Files\Rational\ClearCase\bin
************* End Display Current Environment *************
[15:55:23:812 GMT+02:00 16/07/07] 0000000a ManagerAdmin  I   TRAS0017I: The startup trace state is *=info:SIBProcessor=all:SIBMessageStore=all:SIBMfp=all.
[15:55:25:425 GMT+02:00 16/07/07] 0000000a ManagerAdmin  I   TRAS0111I: The message IDs that are in use are deprecated
[15:55:25:769 GMT+02:00 16/07/07] 0000000a AdminInitiali A   ADMN0015I: The administration service is initialized.
[15:55:27:241 GMT+02:00 16/07/07] 0000000a PluginConfigS I   PLGC0057I: The plug-in configuration service started successfully.
[15:55:27:335 GMT+02:00 16/07/07] 0000000a ManagedObject I   Processing extension point com.ibm.wsspi.extension.managed-object-metadata-collector
[15:55:27:570 GMT+02:00 16/07/07] 0000000a SSLComponentI I   CWPKI0001I: SSL service is initializing the configuration
[15:55:27:664 GMT+02:00 16/07/07] 0000000a WSKeyStore    W   CWPKI0041W: One or more key stores are using the default password.
[15:55:27:726 GMT+02:00 16/07/07] 0000000a SSLConfigMana I   CWPKI0027I: Disabling default hostname verification for HTTPS URL connections.
[15:55:27:757 GMT+02:00 16/07/07] 0000000a SSLDiagnostic I   CWPKI0014I: The SSL component's FFDC Diagnostic Module com.ibm.ws.ssl.core.SSLDiagnosticModule registered successfully: true.
[15:55:27:789 GMT+02:00 16/07/07] 0000000a SSLComponentI I   CWPKI0002I: SSL service initialization completed successfully
[15:55:27:820 GMT+02:00 16/07/07] 0000000a DiagnosticCon I com.ibm.wsspi.rasdiag.DiagnosticConfigHome setStateCollectionSpec RASD0012I: Updating State Collection Spec from Uninitialized Value to .*:.*=0
[15:55:27:914 GMT+02:00 16/07/07] 0000000a PMIImpl       A   CWPMI1001I: PMI is enabled
[15:55:29:041 GMT+02:00 16/07/07] 0000000a SibMessage    I   [:] CWSIU0000I: Release: WAS61.SIB Level: o0649.17
[15:55:29:245 GMT+02:00 16/07/07] 0000000a SecurityDM    I   SECJ0231I: The Security component's FFDC Diagnostic Module com.ibm.ws.security.core.SecurityDM registered successfully: true.
[15:55:29:323 GMT+02:00 16/07/07] 0000000a AuditServiceI A   SECJ6004I: Security Auditing is disabled. 
[15:55:29:339 GMT+02:00 16/07/07] 0000000a distSecurityC I   SECJ0309I: Java 2 Security is disabled.
[15:55:29:339 GMT+02:00 16/07/07] 0000000a Configuration A   SECJ0215I: Successfully set JAAS login provider configuration class to com.ibm.ws.security.auth.login.Configuration.
[15:55:29:386 GMT+02:00 16/07/07] 0000000a distSecurityC I   SECJ0212I: WCCM JAAS configuration information successfully pushed to login provider class.
[15:55:29:417 GMT+02:00 16/07/07] 0000000a distSecurityC I   SECJ0240I: Security service initialization completed successfully
[15:55:29:542 GMT+02:00 16/07/07] 0000000a ServiceLogger I com.ibm.ws.ffdc.IncidentStreamImpl initialize FFDC0009I: FFDC opened incident stream file C:\Program Files\IBM\SDP70\runtimes\base_v61\profiles\AppSrv01\logs\ffdc\server1_1420142_07.07.16_15.55.29_0.txt
[15:55:29:589 GMT+02:00 16/07/07] 0000000a ServiceLogger I com.ibm.ws.ffdc.IncidentStreamImpl resetIncidentStream FFDC0010I: FFDC closed incident stream file C:\Program Files\IBM\SDP70\runtimes\base_v61\profiles\AppSrv01\logs\ffdc\server1_1420142_07.07.16_15.55.29_0.txt
[15:55:29:777 GMT+02:00 16/07/07] 0000000a ObjectPoolSer I   OBPL0007I: Object Pool Manager service is disabled.
[15:55:29:996 GMT+02:00 16/07/07] 0000000a J2EEServiceMa I   ASYN0059I: Work Manager service initialized successfully.
[15:55:30:121 GMT+02:00 16/07/07] 0000000a CScopeCompone I   CSCP0002I: Compensation service is disabled.
[15:55:30:481 GMT+02:00 16/07/07] 0000000a SibMessage    I   [:] CWSID0021I: Configuration reload is enabled for bus busHOSHEN.
[15:55:30:779 GMT+02:00 16/07/07] 0000000a SibMessage    I   [:] CWSIS1569I: Messaging engine N815Node01.server1-busHOSHEN is using a file store.
[15:55:31:186 GMT+02:00 16/07/07] 0000000a ActivitySessi I   WACS0045I: ActivitySession service is disabled.
[15:55:31:249 GMT+02:00 16/07/07] 0000000a SOAPContainer I   WSWS1062I: The SOAP Container service has been initialized.
[15:55:31:421 GMT+02:00 16/07/07] 0000000a SchedulerServ I   SCHD0036I: The Scheduler Service is initializing.
[15:55:31:468 GMT+02:00 16/07/07] 0000000a SchedulerServ I   SCHD0037I: The Scheduler Service has been initialized.
[15:55:32:047 GMT+02:00 16/07/07] 0000000a WebsphereComm I WebsphereCommonLauncher  CWSCT0332I: SIP Container was launched successfully but will only be initialized when first SIP application is loaded
[15:55:32:125 GMT+02:00 16/07/07] 0000000a StartUpServic I   STUP0011I: The Startup Beans service started successfully.
[15:55:32:157 GMT+02:00 16/07/07] 0000000a I18nService   I   I18N0010I: The Internationalization service is created on server1.
[15:55:32:157 GMT+02:00 16/07/07] 0000000a I18nServiceSe I   I18N0010I: The Internationalization service is disabled on server1.
[15:55:32:407 GMT+02:00 16/07/07] 0000000a ThreadPoolMgr W   WSVR0626W: The ThreadPool setting on the ObjectRequestBroker service is deprecated.
[15:55:32:470 GMT+02:00 16/07/07] 0000000a SSLComponentI I   CWPKI0003I: SSL service is starting
[15:55:32:485 GMT+02:00 16/07/07] 0000000a SSLComponentI I   CWPKI0004I: SSL service started successfully
[15:55:33:112 GMT+02:00 16/07/07] 0000000a CoordinatorIm I   HMGR0206I: The Coordinator is an Active Coordinator for core group DefaultCoreGroup.
[15:55:33:221 GMT+02:00 16/07/07] 0000000a DCSPluginSing I   HMGR0005I: The Single Server DCS Core Stack transport has been started for core group DefaultCoreGroup.
[15:55:33:503 GMT+02:00 16/07/07] 0000000a NameServerImp A   NMSV0018I: Name server available on bootstrap port 2809.
[15:55:34:521 GMT+02:00 16/07/07] 0000000a TreeBuilder   I   INIT 110 ms. nodes:14 edges:14
[15:55:35:084 GMT+02:00 16/07/07] 0000000a JMXSoapAdapte A   ADMC0013I: The SOAP connector is available at port 8880
[15:55:35:084 GMT+02:00 16/07/07] 0000000a distSecurityC I   SECJ0243I: Security service started successfully
[15:55:35:100 GMT+02:00 16/07/07] 0000000a distSecurityC I   SECJ0210I: Security enabled false
[15:55:35:131 GMT+02:00 16/07/07] 0000000a J2EEServiceMa I   ASYN0055I: The Work Manager service started successfully.
[15:55:35:288 GMT+02:00 16/07/07] 0000000a RecoveryDirec I   CWRLS0010I: Performing recovery processing for local WebSphere server (N815Node01Cell\N815Node01\server1).
[15:55:35:335 GMT+02:00 16/07/07] 0000000a RecoveryDirec I   CWRLS0012I: All persistent services have been directed to perform recovery processing for this WebSphere server (N815Node01Cell\N815Node01\server1).
[15:55:35:429 GMT+02:00 16/07/07] 00000011 RecoveryManag A   WTRN0028I: Transaction service recovering 0 transactions.
[15:55:35:930 GMT+02:00 16/07/07] 00000013 ServiceLogger I com.ibm.ws.ffdc.IncidentStreamImpl initialize FFDC0009I: FFDC opened incident stream file C:\Program Files\IBM\SDP70\runtimes\base_v61\profiles\AppSrv01\logs\ffdc\server1_61e861e8_07.07.16_15.55.35_0.txt
[15:55:36:070 GMT+02:00 16/07/07] 00000013 ServiceLogger I com.ibm.ws.ffdc.IncidentStreamImpl resetIncidentStream FFDC0010I: FFDC closed incident stream file C:\Program Files\IBM\SDP70\runtimes\base_v61\profiles\AppSrv01\logs\ffdc\server1_61e861e8_07.07.16_15.55.35_0.txt
[15:55:36:305 GMT+02:00 16/07/07] 0000000a ResourceMgrIm I   WSVR0049I: Binding EventsConnectionFactory as jms/EventsConnectionFactory
[15:55:36:337 GMT+02:00 16/07/07] 0000000a ResourceMgrIm I   WSVR0049I: Binding qcfTest as jms/qcfTest
[15:55:36:399 GMT+02:00 16/07/07] 0000000a ResourceMgrIm I   WSVR0049I: Binding HoshenJdbc as jdbc/hoshenJdbc
[15:55:36:446 GMT+02:00 16/07/07] 0000000a ResourceMgrIm I   WSVR0049I: Binding HoshenJdbcNonXA as jdbc/hoshenJdbcNonXA
[15:55:36:462 GMT+02:00 16/07/07] 0000000a ResourceMgrIm I   WSVR0049I: Binding EventsWM as res/EventsWM
[15:55:36:493 GMT+02:00 16/07/07] 0000000a ResourceMgrIm I   WSVR0049I: Binding HoshenWM as wm/HoshenWM
[15:55:36:524 GMT+02:00 16/07/07] 0000000a ResourceMgrIm I   WSVR0049I: Binding DefaultEJBTimerDataSource as jdbc/DefaultEJBTimerDataSource
[15:55:36:587 GMT+02:00 16/07/07] 0000000a ResourceMgrIm I   WSVR0049I: Binding Default_CF as eis/DefaultDatasource_CMP
[15:55:36:618 GMT+02:00 16/07/07] 0000000a ResourceMgrIm I   WSVR0049I: Binding qcfHOSHEN as jms/qcfHOSHEN
[15:55:36:634 GMT+02:00 16/07/07] 0000000a ResourceMgrIm I   WSVR0049I: Binding Default Datasource as DefaultDatasource
[15:55:36:650 GMT+02:00 16/07/07] 0000000a ResourceMgrIm I   WSVR0049I: Binding DefaultWorkManager as wm/default
[15:55:36:697 GMT+02:00 16/07/07] 0000000a ResourceMgrIm I   WSVR0049I: Binding DefaultTimerManager as tm/default
[15:55:36:853 GMT+02:00 16/07/07] 0000000a TCPChannel    I   TCPC0001I: TCP Channel SIB_TCP_JFAP is listening on host *  (IPv4) port 7276. 
[15:55:36:885 GMT+02:00 16/07/07] 0000000a WSChannelFram A   CHFW0019I: The Transport Channel Service has started chain InboundBasicMessaging.
[15:55:36:916 GMT+02:00 16/07/07] 0000000a TCPChannel    I   TCPC0001I: TCP Channel SIB_TCP_JFAP_SSL is listening on host *  (IPv4) port 7286. 
[15:55:36:931 GMT+02:00 16/07/07] 0000000a WSChannelFram A   CHFW0019I: The Transport Channel Service has started chain InboundSecureMessaging.
[15:55:36:963 GMT+02:00 16/07/07] 0000000a SibMessage    A   [:] CWSIC2001I: Messaging connections are being accepted.
[15:55:37:417 GMT+02:00 16/07/07] 00000010 SibMessage    I   [busHOSHEN:N815Node01.server1-busHOSHEN] CWSID0016I: Messaging engine N815Node01.server1-busHOSHEN is in state Joined.
[15:55:37:605 GMT+02:00 16/07/07] 00000014 SibMessage    I   [busHOSHEN:N815Node01.server1-busHOSHEN] CWSID0016I: Messaging engine N815Node01.server1-busHOSHEN is in state Starting.
[15:55:38:356 GMT+02:00 16/07/07] 00000014 ObjectManager I   CWSOM0002I: ObjectManager using logFile C:\Program Files\IBM\SDP70\runtimes\base_v61\profiles\AppSrv01\filestores\com.ibm.ws.sib\N815Node01.server1-busHOSHEN-174597E71C02317E\log\Log was warm started logFileType=FILE.
[15:55:38:575 GMT+02:00 16/07/07] 00000014 SibMessage    I   [busHOSHEN:N815Node01.server1-busHOSHEN] CWSIS1552I: The current minimum reserved size of the permanent store file is 209,715,200 bytes. The current maximum size is unlimited.
[15:55:38:591 GMT+02:00 16/07/07] 00000014 SibMessage    I   [busHOSHEN:N815Node01.server1-busHOSHEN] CWSIS1556I: The current minimum reserved size of the temporary store file is 209,715,200 bytes. The current maximum size is unlimited.
[15:55:38:591 GMT+02:00 16/07/07] 0000000a ServiceLogger I com.ibm.ws.ffdc.IncidentStreamImpl open FFDC0009I: FFDC opened incident stream file C:\Program Files\IBM\SDP70\runtimes\base_v61\profiles\AppSrv01\logs\ffdc\server1_1420142_07.07.16_15.55.38_0.txt
[15:55:38:607 GMT+02:00 16/07/07] 00000014 SibMessage    I   [busHOSHEN:N815Node01.server1-busHOSHEN] CWSIS1550I: The current size of the log file is 104,857,600 bytes. The size in the configuration information of the log file is 104,857,600 bytes.
[15:55:38:685 GMT+02:00 16/07/07] 0000000a ServiceLogger I com.ibm.ws.ffdc.IncidentStreamImpl resetIncidentStream FFDC0010I: FFDC closed incident stream file C:\Program Files\IBM\SDP70\runtimes\base_v61\profiles\AppSrv01\logs\ffdc\server1_1420142_07.07.16_15.55.38_0.txt
[15:55:38:685 GMT+02:00 16/07/07] 00000014 SibMessage    I   [busHOSHEN:N815Node01.server1-busHOSHEN] CWSIS1564I: The messaging engine, ME_UUID=174597E71C02317E, INC_UUID=71727172CF50138C, is attempting to obtain an exclusive lock on the file store.
[15:55:38:701 GMT+02:00 16/07/07] 00000014 SibMessage    I   [busHOSHEN:N815Node01.server1-busHOSHEN] CWSIS1566I: A single previous owner was found in the messaging engine's file store, ME_UUID=174597E71C02317E, INC_UUID=3F403F40CF4AB0D7
[15:55:38:716 GMT+02:00 16/07/07] 00000014 SibMessage    I   [busHOSHEN:N815Node01.server1-busHOSHEN] CWSIS1563I: The messaging engine, ME_UUID=174597E71C02317E, INC_UUID=71727172CF50138C, has acquired an exclusive lock on the file store.
[15:55:41:315 GMT+02:00 16/07/07] 0000000a AppProfileCom I   ACIN0007I: The application profiling service started successfully.
[15:55:41:346 GMT+02:00 16/07/07] 0000000a WorkAreaServi A   ACWA0002I: WorkArea service not enabled on server1.
[15:55:41:409 GMT+02:00 16/07/07] 0000000a SOAPAcceptorC I   WSSC1019I: The SOAP Acceptor Channel has been configured.
[15:55:41:628 GMT+02:00 16/07/07] 0000000a CacheServiceI I   DYNA0048I: WebSphere Dynamic Cache initialized successfully.
[15:55:41:894 GMT+02:00 16/07/07] 0000000a SchedulerServ I   SCHD0031I: The Scheduler Service is starting.
[15:55:41:957 GMT+02:00 16/07/07] 0000000a SchedulerServ I   SCHD0001I: The Scheduler Service has started.
[15:55:42:254 GMT+02:00 16/07/07] 0000000a RegistryConfi I   CWXRS0017I: Extension Registry objects storage: C:\Program Files\IBM\SDP70\runtimes\base_v61\profiles\AppSrv01\temp\N815Node01\server1\_extensionregistry
[15:55:42:380 GMT+02:00 16/07/07] 0000000a CacheServiceI I   DYNA1001I: WebSphere Dynamic Cache instance named ws/com.ibm.workplace/ExtensionRegistryCache1184594142364 initialized successfully.
[15:55:42:411 GMT+02:00 16/07/07] 0000000a RegistryCache I   CWXRS0002I: DynaCache instance for Extension Registry created with CACHE_SIZE: 5000
[15:55:43:225 GMT+02:00 16/07/07] 00000014 SibMessage    I   [busHOSHEN:N815Node01.server1-busHOSHEN] CWSIP0212I: Messaging engine N815Node01.server1-busHOSHEN on bus busHOSHEN is starting to reconcile the WCCM destination and link configuration.
[15:55:43:288 GMT+02:00 16/07/07] 0000000a WebContainer  I   SRVE0239I: Extension Factory [class com.ibm.ws.portletcontainer.webextension.PortletExtensionFactory] was registered successfully.
[15:55:43:319 GMT+02:00 16/07/07] 0000000a WebContainer  I   SRVE0240I: Extension Factory [class com.ibm.ws.portletcontainer.webextension.PortletExtensionFactory] has been associated with patterns [""].
[15:55:43:334 GMT+02:00 16/07/07] 0000000a WebContainer  I   SRVE0239I: Extension Factory [class com.ibm.ws.portletcontainer.portletserving.PortletServingExtensionFactory] was registered successfully.
[15:55:43:350 GMT+02:00 16/07/07] 0000000a WebContainer  I   SRVE0240I: Extension Factory [class com.ibm.ws.portletcontainer.portletserving.PortletServingExtensionFactory] has been associated with patterns [""].
[15:55:43:381 GMT+02:00 16/07/07] 00000014 SibMessage    I   [busHOSHEN:N815Node01.server1-busHOSHEN] CWSIP0213I: Messaging engine N815Node01.server1-busHOSHEN on bus busHOSHEN has finished reconciling the WCCM destination and link configuration.
[15:55:43:397 GMT+02:00 16/07/07] 0000000a WebContainer  I   SRVE0239I: Extension Factory [class com.ibm.ws.jsf.extprocessor.JSFExtensionFactory] was registered successfully.
[15:55:43:413 GMT+02:00 16/07/07] 0000000a WebContainer  I   SRVE0240I: Extension Factory [class com.ibm.ws.jsf.extprocessor.JSFExtensionFactory] has been associated with patterns [""].
[15:55:43:444 GMT+02:00 16/07/07] 0000000a WebContainer  I   SRVE0239I: Extension Factory [class com.ibm.ws.jsp.webcontainerext.ws.WASJSPExtensionFactory] was registered successfully.
[15:55:43:491 GMT+02:00 16/07/07] 0000000a WebContainer  I   SRVE0240I: Extension Factory [class com.ibm.ws.jsp.webcontainerext.ws.WASJSPExtensionFactory] has been associated with patterns [*.jsp *.jspx *.jsw *.jsv ].
[15:55:43:945 GMT+02:00 16/07/07] 00000014 SibMessage    I   [busHOSHEN:N815Node01.server1-busHOSHEN] CWSID0016I: Messaging engine N815Node01.server1-busHOSHEN is in state Started.
[15:55:46:137 GMT+02:00 16/07/07] 00000023 ApplicationMg A   WSVR0200I: Starting application: DefaultApplication
[15:55:46:137 GMT+02:00 16/07/07] 00000024 ApplicationMg A   WSVR0200I: Starting application: ivtApp
[15:55:46:137 GMT+02:00 16/07/07] 00000022 ApplicationMg A   WSVR0200I: Starting application: isclite
[15:55:46:137 GMT+02:00 16/07/07] 00000023 ApplicationMg A   WSVR0204I: Application: DefaultApplication  Application build level: Unknown
[15:55:46:152 GMT+02:00 16/07/07] 00000022 ApplicationMg A   WSVR0203I: Application: isclite  Application build level: WAS61.WSC [cf20632.12]
[15:55:46:199 GMT+02:00 16/07/07] 00000024 ApplicationMg A   WSVR0203I: Application: ivtApp  Application build level: WAS61.SERV1 [cf20633.22]
[15:55:46:779 GMT+02:00 16/07/07] 00000023 EJBContainerI I   WSVR0037I: Starting EJB jar: Increment.jar
[15:55:46:779 GMT+02:00 16/07/07] 00000024 EJBContainerI I   WSVR0037I: Starting EJB jar: ivtEJB.jar
[15:55:46:967 GMT+02:00 16/07/07] 00000023 EJBContainerI I   WSVR0057I: EJB jar started: Increment.jar
[15:55:46:982 GMT+02:00 16/07/07] 00000024 EJBContainerI I   WSVR0057I: EJB jar started: ivtEJB.jar
[15:55:47:170 GMT+02:00 16/07/07] 00000024 WebContainer  A   SRVE0161I: IBM WebSphere Application Server - Web Container.  Copyright IBM Corp. 1998-2006
[15:55:47:170 GMT+02:00 16/07/07] 00000024 WebContainer  A   SRVE0162I: Servlet Specification Level: 2.4
[15:55:47:186 GMT+02:00 16/07/07] 00000024 WebContainer  A   SRVE0163I: Supported JSP Specification Level: 2.0
[15:55:47:467 GMT+02:00 16/07/07] 00000024 WebContainer  A   SRVE0239I: Extension Factory [class com.ibm.ws.webcontainer.extension.ExtHandshakeVHostExtensionFactory] was registered successfully.
[15:55:47:483 GMT+02:00 16/07/07] 00000024 WebContainer  A   SRVE0240I: Extension Factory [class com.ibm.ws.webcontainer.extension.ExtHandshakeVHostExtensionFactory] has been associated with patterns [VH:_WS_EH* ].
[15:55:47:593 GMT+02:00 16/07/07] 00000024 WebGroup      A   SRVE0169I: Loading Web Module: IVT Application.
[15:55:48:094 GMT+02:00 16/07/07] 00000024 VirtualHost   I   SRVE0250I: Web Module IVT Application has been bound to default_host[*:9080,*:80,*:9443,*:5060,*:5061,*:443].
[15:55:48:094 GMT+02:00 16/07/07] 00000023 WebGroup      A   SRVE0169I: Loading Web Module: Default Web Application.
[15:55:48:109 GMT+02:00 16/07/07] 00000024 ApplicationMg A   WSVR0221I: Application started: ivtApp
[15:55:48:188 GMT+02:00 16/07/07] 00000024 ApplicationMg A   WSVR0200I: Starting application: query
[15:55:48:203 GMT+02:00 16/07/07] 00000024 ApplicationMg A   WSVR0204I: Application: query  Application build level: Unknown
[15:55:48:266 GMT+02:00 16/07/07] 00000023 ServletWrappe I   SRVE0242I: [DefaultApplication] [/] [Hello Pervasive Servlet]: Initialization successful.
[15:55:48:282 GMT+02:00 16/07/07] 00000023 ServletWrappe I   SRVE0242I: [DefaultApplication] [/] [Hit Count Servlet]: Initialization successful.
[15:55:48:313 GMT+02:00 16/07/07] 00000024 EJBContainerI I   WSVR0037I: Starting EJB jar: querybean.jar
[15:55:48:360 GMT+02:00 16/07/07] 00000023 ServletWrappe I   SRVE0242I: [DefaultApplication] [/] [Snoop Servlet]: Initialization successful.
[15:55:48:391 GMT+02:00 16/07/07] 00000023 VirtualHost   I   SRVE0250I: Web Module Default Web Application has been bound to default_host[*:9080,*:80,*:9443,*:5060,*:5061,*:443].
[15:55:48:422 GMT+02:00 16/07/07] 00000024 EJBContainerI I   WSVR0057I: EJB jar started: querybean.jar
[15:55:48:438 GMT+02:00 16/07/07] 00000022 WebGroup      A   SRVE0169I: Loading Web Module: isclite.
[15:55:48:438 GMT+02:00 16/07/07] 00000023 ApplicationMg A   WSVR0221I: Application started: DefaultApplication
[15:55:48:469 GMT+02:00 16/07/07] 00000024 ApplicationMg A   WSVR0221I: Application started: query
[15:55:48:485 GMT+02:00 16/07/07] 00000023 ApplicationMg A   WSVR0200I: Starting application: IBMUTC
[15:55:48:516 GMT+02:00 16/07/07] 00000024 ApplicationMg A   WSVR0200I: Starting application: LsDemoEAR
[15:55:48:642 GMT+02:00 16/07/07] 00000023 ApplicationMg A   WSVR0204I: Application: IBMUTC  Application build level: Unknown
[15:55:48:642 GMT+02:00 16/07/07] 00000024 ApplicationMg A   WSVR0204I: Application: LsDemoEAR  Application build level: Unknown
[15:55:49:237 GMT+02:00 16/07/07] 00000024 ResourceMgrIm I   WSVR0049I: Binding DefaultEJBTimerDataSource as jdbc/DefaultEJBTimerDataSource
[15:55:50:990 GMT+02:00 16/07/07] 00000022 ServletWrappe I   SRVE0242I: [isclite] [/ibm/console] [EventInitializer]: Initialization successful.
[15:55:51:006 GMT+02:00 16/07/07] 00000022 VirtualHost   I   SRVE0250I: Web Module isclite has been bound to admin_host[*:9060,*:9043].
[15:55:51:021 GMT+02:00 16/07/07] 00000023 WebGroup      A   SRVE0169I: Loading Web Module: Universal Test Client.
[15:55:51:100 GMT+02:00 16/07/07] 00000024 SystemOut     O WSWS3185I: Info: Parsing XML file:  C:\Development\Workspace7OnX\LsWebProject\WebContent\WEB-INF\wsdl\LightsoftService.wsdl
[15:55:51:178 GMT+02:00 16/07/07] 00000023 VirtualHost   I   SRVE0250I: Web Module Universal Test Client has been bound to default_host[*:9080,*:80,*:9443,*:5060,*:5061,*:443].
[15:55:51:193 GMT+02:00 16/07/07] 00000022 WebGroup      A   SRVE0169I: Loading Web Module: adminconsole redirector.
[15:55:51:209 GMT+02:00 16/07/07] 00000023 ApplicationMg A   WSVR0221I: Application started: IBMUTC
[15:55:51:303 GMT+02:00 16/07/07] 00000023 ApplicationMg A   WSVR0200I: Starting application: JmsTestEAR
[15:55:51:334 GMT+02:00 16/07/07] 00000023 ApplicationMg A   WSVR0204I: Application: JmsTestEAR  Application build level: Unknown
[15:55:51:334 GMT+02:00 16/07/07] 00000022 VirtualHost   I   SRVE0250I: Web Module adminconsole redirector has been bound to admin_host[*:9060,*:9043].
[15:55:51:397 GMT+02:00 16/07/07] 00000024 SystemOut     O Retrieving document at 'file:/C:/Development/Workspace7OnX/LsWebProject/WebContent/WEB-INF/wsdl/LightsoftService.wsdl'.
[15:55:51:554 GMT+02:00 16/07/07] 00000022 WebGroup      A   SRVE0169I: Loading Web Module: EHS3.01.
[15:55:51:616 GMT+02:00 16/07/07] 00000023 ResourceMgrIm I   WSVR0049I: Binding DefaultEJBTimerDataSource as jdbc/DefaultEJBTimerDataSource
[15:55:51:694 GMT+02:00 16/07/07] 00000023 EJBContainerI I   WSVR0037I: Starting EJB jar: JmsTestEjb.jar
[15:55:51:835 GMT+02:00 16/07/07] 00000023 EJBContainerI I   WSVR0057I: EJB jar started: JmsTestEjb.jar
[15:55:51:851 GMT+02:00 16/07/07] 00000022 VirtualHost   I   SRVE0250I: Web Module EHS3.01 has been bound to admin_host[*:9060,*:9043].
[15:55:51:882 GMT+02:00 16/07/07] 00000023 ApplicationMg A   WSVR0221I: Application started: JmsTestEAR
[15:55:51:898 GMT+02:00 16/07/07] 00000024 WebGroup      A   SRVE0169I: Loading Web Module: LsWebProject.
[15:55:51:945 GMT+02:00 16/07/07] 00000023 ApplicationMg A   WSVR0200I: Starting application: prjEJ_ServicesEAR
[15:55:52:070 GMT+02:00 16/07/07] 00000023 ApplicationMg A   WSVR0204I: Application: prjEJ_ServicesEAR  Application build level: Unknown
[15:55:52:712 GMT+02:00 16/07/07] 00000024 SystemOut     O in init
[15:55:53:088 GMT+02:00 16/07/07] 0000002a SystemOut     O 2007-07-16 15:55:53,072 DEBUG [server.startup : 2] hoshen.xsm.lightsoft.LightsoftManager - NameService=IOR:00bdbdbd0000003149444c3a636f6d2e69626d2f57736e4f7074696d697a65644e616d696e672f4e616d696e67436f6e746578743a312e3000bdbdbd000000010000000000000100000102bd000000104e3831352e68736e6465762e69646600238cbdbd0000006e4a4d4249000000124773e3aa37643062633737336533616166633334000000240000004a49454a5002005389ec2f07736572766572311a57736e44697374436f734f626a65637441646170746572574c4d000000194e3831354e6f6465303143656c6c2f70657273697374656e74bdbd00000007000000010000001400bdbdbd0501000100000000000101000000000049424d0a0000000800bd00011500000100000026000000020002bdbd49424d04000000050005020102bdbdbd0000001f0000000400bd0003000000200000000400bd0001000000250000000400bd0003
[15:55:53:166 GMT+02:00 16/07/07] 0000002a SystemOut     O 2007-07-16 15:55:53,166 DEBUG [server.startup : 2] hoshen.xsm.lightsoft.LightsoftManager - user: hoshen
[15:55:53:557 GMT+02:00 16/07/07] 00000023 ResourceMgrIm I   WSVR0049I: Binding DefaultEJBTimerDataSource as jdbc/DefaultEJBTimerDataSource
[15:55:53:651 GMT+02:00 16/07/07] 00000023 CacheServiceI W   Cache instance services/hoshenCache/distributedmap is not added because a cache with this name already exists.
[15:55:53:651 GMT+02:00 16/07/07] 00000023 EJBContainerI I   WSVR0037I: Starting EJB jar: prjEJ_ServicesEJB.jar
[15:55:54:152 GMT+02:00 16/07/07] 00000023 SystemOut     O WSWS3185I: Info: Parsing XML file:  X:\Development\Source\EJ\prjEJ_ServicesEJB\ejbModule\META-INF\wsdl\Bamam.wsdl
[15:55:54:184 GMT+02:00 16/07/07] 00000023 SystemOut     O Retrieving document at 'file:/X:/Development/Source/EJ/prjEJ_ServicesEJB/ejbModule/META-INF/wsdl/Bamam.wsdl'.
[15:55:55:201 GMT+02:00 16/07/07] 00000023 SystemOut     O WSWS3185I: Info: Parsing XML file:  X:\Development\Source\EJ\prjEJ_ServicesEJB\ejbModule\META-INF\wsdl\Messages.wsdl
[15:55:55:233 GMT+02:00 16/07/07] 00000023 SystemOut     O Retrieving document at 'file:/X:/Development/Source/EJ/prjEJ_ServicesEJB/ejbModule/META-INF/wsdl/Messages.wsdl'.
[15:55:55:452 GMT+02:00 16/07/07] 00000023 SystemOut     O WSWS3185I: Info: Parsing XML file:  X:\Development\Source\EJ\prjEJ_ServicesEJB\ejbModule\META-INF\wsdl\Utils.wsdl
[15:55:55:483 GMT+02:00 16/07/07] 00000023 SystemOut     O Retrieving document at 'file:/X:/Development/Source/EJ/prjEJ_ServicesEJB/ejbModule/META-INF/wsdl/Utils.wsdl'.
[15:55:55:733 GMT+02:00 16/07/07] 00000023 SystemOut     O WSWS3185I: Info: Parsing XML file:  X:\Development\Source\EJ\prjEJ_ServicesEJB\ejbModule\META-INF\wsdl\Encryption.wsdl
[15:55:55:780 GMT+02:00 16/07/07] 00000023 SystemOut     O Retrieving document at 'file:/X:/Development/Source/EJ/prjEJ_ServicesEJB/ejbModule/META-INF/wsdl/Encryption.wsdl'.
[15:55:56:109 GMT+02:00 16/07/07] 00000023 EJBContainerI I   WSVR0057I: EJB jar started: prjEJ_ServicesEJB.jar
[15:55:56:172 GMT+02:00 16/07/07] 00000023 EJBContainerI I   WSVR0037I: Starting EJB jar: prjEJ_EJBUtil.jar
[15:55:56:391 GMT+02:00 16/07/07] 00000023 EJBContainerI I   WSVR0057I: EJB jar started: prjEJ_EJBUtil.jar
[15:55:56:469 GMT+02:00 16/07/07] 00000023 EJBContainerI I   WSVR0037I: Starting EJB jar: prjEJ_ProxyEJB.jar
[15:55:56:595 GMT+02:00 16/07/07] 00000023 SystemOut     O WSWS3185I: Info: Parsing XML file:  X:\Development\Source\EJ\prjEJ_ProxyEJB\ejbModule\META-INF\wsdl\Invoker.wsdl
[15:55:56:626 GMT+02:00 16/07/07] 00000023 SystemOut     O Retrieving document at 'file:/X:/Development/Source/EJ/prjEJ_ProxyEJB/ejbModule/META-INF/wsdl/Invoker.wsdl'.
[15:55:56:673 GMT+02:00 16/07/07] 00000023 EJBContainerI I   WSVR0057I: EJB jar started: prjEJ_ProxyEJB.jar
[15:56:14:238 GMT+02:00 16/07/07] 00000024 ServiceLogger I com.ibm.ws.ffdc.IncidentStreamImpl initialize FFDC0009I: FFDC opened incident stream file C:\Program Files\IBM\SDP70\runtimes\base_v61\profiles\AppSrv01\logs\ffdc\server1_614c614c_07.07.16_15.56.14_0.txt
[15:56:14:301 GMT+02:00 16/07/07] 00000024 ServiceLogger I com.ibm.ws.ffdc.IncidentStreamImpl resetIncidentStream FFDC0010I: FFDC closed incident stream file C:\Program Files\IBM\SDP70\runtimes\base_v61\profiles\AppSrv01\logs\ffdc\server1_614c614c_07.07.16_15.56.14_0.txt
[15:56:35:467 GMT+02:00 16/07/07] 00000024 ServiceLogger I com.ibm.ws.ffdc.IncidentStreamImpl open FFDC0009I: FFDC opened incident stream file C:\Program Files\IBM\SDP70\runtimes\base_v61\profiles\AppSrv01\logs\ffdc\server1_614c614c_07.07.16_15.56.35_0.txt
[15:56:35:592 GMT+02:00 16/07/07] 00000024 ServiceLogger I com.ibm.ws.ffdc.IncidentStreamImpl resetIncidentStream FFDC0010I: FFDC closed incident stream file C:\Program Files\IBM\SDP70\runtimes\base_v61\profiles\AppSrv01\logs\ffdc\server1_614c614c_07.07.16_15.56.35_0.txt
[15:56:35:608 GMT+02:00 16/07/07] 00000024 ServletWrappe E   Uncaught init() exception thrown by servlet LSDemoServlet
[15:56:35:608 GMT+02:00 16/07/07] 00000024 ServletWrappe E   Deregister the mbean because of uncaught init() exception thrown by servlet LSDemoServlet: javax.servlet.ServletException: Error in getEmsSession: 
	at hoshen.lightsoft.demo.LSDemoServlet.init(LSDemoServlet.java:63)
	at javax.servlet.GenericServlet.init(GenericServlet.java:256)
	at com.ibm.ws.webcontainer.servlet.ServletWrapper.init(ServletWrapper.java:190)
	at com.ibm.ws.wswebcontainer.servlet.ServletWrapper.init(ServletWrapper.java:317)
	at com.ibm.ws.webcontainer.servlet.ServletWrapper.initialize(ServletWrapper.java:1142)
	at com.ibm.ws.wswebcontainer.servlet.ServletWrapper.initialize(ServletWrapper.java:150)
	at com.ibm.wsspi.webcontainer.extension.WebExtensionProcessor.createServletWrapper(WebExtensionProcessor.java:99)
	at com.ibm.ws.webcontainer.webapp.WebApp.getServletWrapper(WebApp.java:767)
	at com.ibm.ws.webcontainer.webapp.WebApp.initializeTargetMappings(WebApp.java:447)
	at com.ibm.ws.webcontainer.webapp.WebApp.commonInitializationFinish(WebApp.java:284)
	at com.ibm.ws.wswebcontainer.webapp.WebApp.initialize(WebApp.java:273)
	at com.ibm.ws.wswebcontainer.webapp.WebGroup.addWebApplication(WebGroup.java:88)
	at com.ibm.ws.wswebcontainer.VirtualHost.addWebApplication(VirtualHost.java:157)
	at com.ibm.ws.wswebcontainer.WebContainer.addWebApp(WebContainer.java:655)
	at com.ibm.ws.wswebcontainer.WebContainer.addWebApplication(WebContainer.java:608)
	at com.ibm.ws.webcontainer.component.WebContainerImpl.install(WebContainerImpl.java:333)
	at com.ibm.ws.webcontainer.component.WebContainerImpl.start(WebContainerImpl.java:549)
	at com.ibm.ws.runtime.component.ApplicationMgrImpl.start(ApplicationMgrImpl.java:1312)
	at com.ibm.ws.runtime.component.DeployedApplicationImpl.fireDeployedObjectStart(DeployedApplicationImpl.java:1129)
	at com.ibm.ws.runtime.component.DeployedModuleImpl.start(DeployedModuleImpl.java:569)
	at com.ibm.ws.runtime.component.DeployedApplicationImpl.start(DeployedApplicationImpl.java:814)
	at com.ibm.ws.runtime.component.ApplicationMgrImpl.startApplication(ApplicationMgrImpl.java:965)
	at com.ibm.ws.runtime.component.ApplicationMgrImpl$AppInitializer.run(ApplicationMgrImpl.java:2131)
	at com.ibm.wsspi.runtime.component.WsComponentImpl$_AsynchInitializer.run(WsComponentImpl.java:340)
	at com.ibm.ws.util.ThreadPool$Worker.run(ThreadPool.java:1469)
---- Begin backtrace for Nested Throwables
hoshen.common.utils.exception.HoshenException: Error in getEmsSession: 
	at hoshen.xsm.lightsoft.LightsoftManager.initSession(LightsoftManager.java:249)
	at hoshen.xsm.lightsoft.LightsoftManager.<init>(LightsoftManager.java:141)
	at hoshen.xsm.lightsoft.LightsoftManager.getInstance(LightsoftManager.java:114)
	at hoshen.lightsoft.demo.LSDemoServlet.init(LSDemoServlet.java:60)
	at javax.servlet.GenericServlet.init(GenericServlet.java:256)
	at com.ibm.ws.webcontainer.servlet.ServletWrapper.init(ServletWrapper.java:190)
	at com.ibm.ws.wswebcontainer.servlet.ServletWrapper.init(ServletWrapper.java:317)
	at com.ibm.ws.webcontainer.servlet.ServletWrapper.initialize(ServletWrapper.java:1142)
	at com.ibm.ws.wswebcontainer.servlet.ServletWrapper.initialize(ServletWrapper.java:150)
	at com.ibm.wsspi.webcontainer.extension.WebExtensionProcessor.createServletWrapper(WebExtensionProcessor.java:99)
	at com.ibm.ws.webcontainer.webapp.WebApp.getServletWrapper(WebApp.java:767)
	at com.ibm.ws.webcontainer.webapp.WebApp.initializeTargetMappings(WebApp.java:447)
	at com.ibm.ws.webcontainer.webapp.WebApp.commonInitializationFinish(WebApp.java:284)
	at com.ibm.ws.wswebcontainer.webapp.WebApp.initialize(WebApp.java:273)
	at com.ibm.ws.wswebcontainer.webapp.WebGroup.addWebApplication(WebGroup.java:88)
	at com.ibm.ws.wswebcontainer.VirtualHost.addWebApplication(VirtualHost.java:157)
	at com.ibm.ws.wswebcontainer.WebContainer.addWebApp(WebContainer.java:655)
	at com.ibm.ws.wswebcontainer.WebContainer.addWebApplication(WebContainer.java:608)
	at com.ibm.ws.webcontainer.component.WebContainerImpl.install(WebContainerImpl.java:333)
	at com.ibm.ws.webcontainer.component.WebContainerImpl.start(WebContainerImpl.java:549)
	at com.ibm.ws.runtime.component.ApplicationMgrImpl.start(ApplicationMgrImpl.java:1312)
	at com.ibm.ws.runtime.component.DeployedApplicationImpl.fireDeployedObjectStart(DeployedApplicationImpl.java:1129)
	at com.ibm.ws.runtime.component.DeployedModuleImpl.start(DeployedModuleImpl.java:569)
	at com.ibm.ws.runtime.component.DeployedApplicationImpl.start(DeployedApplicationImpl.java:814)
	at com.ibm.ws.runtime.component.ApplicationMgrImpl.startApplication(ApplicationMgrImpl.java:965)
	at com.ibm.ws.runtime.component.ApplicationMgrImpl$AppInitializer.run(ApplicationMgrImpl.java:2131)
	at com.ibm.wsspi.runtime.component.WsComponentImpl$_AsynchInitializer.run(WsComponentImpl.java:340)
	at com.ibm.ws.util.ThreadPool$Worker.run(ThreadPool.java:1469)
Caused by: org.omg.CORBA.TRANSIENT: java.net.SocketException: Operation timed out: connect:could be due to invalid address:host=dev190sun07,port=5075  vmcid: IBM  minor code: E02  completed: No
	at com.ibm.CORBA.transport.TransportConnectionBase.connect(TransportConnectionBase.java:425)
	at com.ibm.ws.orbimpl.transport.WSTransport.getConnection(WSTransport.java:429)
	at com.ibm.CORBA.transport.TransportBase.getConnection(TransportBase.java:163)
	at com.ibm.rmi.iiop.TransportManager.get(TransportManager.java:93)
	at com.ibm.rmi.iiop.GIOPImpl.getConnection(GIOPImpl.java:115)
	at com.ibm.rmi.iiop.GIOPImpl.locate(GIOPImpl.java:189)
	at com.ibm.rmi.corba.ClientDelegate.locate(ClientDelegate.java:1904)
	at com.ibm.rmi.corba.ClientDelegate._createRequest(ClientDelegate.java:1929)
	at com.ibm.rmi.corba.ClientDelegate.createRequest(ClientDelegate.java:1208)
	at com.ibm.CORBA.iiop.ClientDelegate.createRequest(ClientDelegate.java:1287)
	at com.ibm.rmi.corba.ClientDelegate.createRequest(ClientDelegate.java:1141)
	at com.ibm.CORBA.iiop.ClientDelegate.createRequest(ClientDelegate.java:1253)
	at com.ibm.rmi.corba.ClientDelegate.request(ClientDelegate.java:1807)
	at com.ibm.CORBA.iiop.ClientDelegate.request(ClientDelegate.java:1209)
	at org.omg.CORBA.portable.ObjectImpl._request(ObjectImpl.java:458)
	at hoshen.xsm.lightsoft.corba.emsSessionFactory._EmsSessionFactory_IStub.getEmsSession(_EmsSessionFactory_IStub.java:58)
	at hoshen.xsm.lightsoft.LightsoftManager.initSession(LightsoftManager.java:238)
	... 27 more
Caused by: java.net.SocketException: Operation timed out: connect:could be due to invalid address
	at java.net.PlainSocketImpl.socketConnect(Native Method)
	at java.net.PlainSocketImpl.doConnect(PlainSocketImpl.java:372)
	at java.net.PlainSocketImpl.connectToAddress(PlainSocketImpl.java:233)
	at java.net.PlainSocketImpl.connect(PlainSocketImpl.java:220)
	at java.net.SocksSocketImpl.connect(SocksSocketImpl.java:378)
	at java.net.Socket.connect(Socket.java:536)
	at java.net.Socket.connect(Socket.java:486)
	at java.net.Socket.<init>(Socket.java:394)
	at java.net.Socket.<init>(Socket.java:207)
	at com.ibm.ws.orbimpl.transport.WSTCPTransportConnection.createSocket(WSTCPTransportConnection.java:224)
	at com.ibm.CORBA.transport.TransportConnectionBase.connect(TransportConnectionBase.java:354)
	... 43 more
, 
[15:56:35:623 GMT+02:00 16/07/07] 00000024 WebExtensionP E   Error occured while preparing the servlet for initialization. 
javax.servlet.ServletException: Error in getEmsSession: 
	at hoshen.lightsoft.demo.LSDemoServlet.init(LSDemoServlet.java:63)
	at javax.servlet.GenericServlet.init(GenericServlet.java:256)
	at com.ibm.ws.webcontainer.servlet.ServletWrapper.init(ServletWrapper.java:190)
	at com.ibm.ws.wswebcontainer.servlet.ServletWrapper.init(ServletWrapper.java:317)
	at com.ibm.ws.webcontainer.servlet.ServletWrapper.initialize(ServletWrapper.java:1142)
	at com.ibm.ws.wswebcontainer.servlet.ServletWrapper.initialize(ServletWrapper.java:150)
	at com.ibm.wsspi.webcontainer.extension.WebExtensionProcessor.createServletWrapper(WebExtensionProcessor.java:99)
	at com.ibm.ws.webcontainer.webapp.WebApp.getServletWrapper(WebApp.java:767)
	at com.ibm.ws.webcontainer.webapp.WebApp.initializeTargetMappings(WebApp.java:447)
	at com.ibm.ws.webcontainer.webapp.WebApp.commonInitializationFinish(WebApp.java:284)
	at com.ibm.ws.wswebcontainer.webapp.WebApp.initialize(WebApp.java:273)
	at com.ibm.ws.wswebcontainer.webapp.WebGroup.addWebApplication(WebGroup.java:88)
	at com.ibm.ws.wswebcontainer.VirtualHost.addWebApplication(VirtualHost.java:157)
	at com.ibm.ws.wswebcontainer.WebContainer.addWebApp(WebContainer.java:655)
	at com.ibm.ws.wswebcontainer.WebContainer.addWebApplication(WebContainer.java:608)
	at com.ibm.ws.webcontainer.component.WebContainerImpl.install(WebContainerImpl.java:333)
	at com.ibm.ws.webcontainer.component.WebContainerImpl.start(WebContainerImpl.java:549)
	at com.ibm.ws.runtime.component.ApplicationMgrImpl.start(ApplicationMgrImpl.java:1312)
	at com.ibm.ws.runtime.component.DeployedApplicationImpl.fireDeployedObjectStart(DeployedApplicationImpl.java:1129)
	at com.ibm.ws.runtime.component.DeployedModuleImpl.start(DeployedModuleImpl.java:569)
	at com.ibm.ws.runtime.component.DeployedApplicationImpl.start(DeployedApplicationImpl.java:814)
	at com.ibm.ws.runtime.component.ApplicationMgrImpl.startApplication(ApplicationMgrImpl.java:965)
	at com.ibm.ws.runtime.component.ApplicationMgrImpl$AppInitializer.run(ApplicationMgrImpl.java:2131)
	at com.ibm.wsspi.runtime.component.WsComponentImpl$_AsynchInitializer.run(WsComponentImpl.java:340)
	at com.ibm.ws.util.ThreadPool$Worker.run(ThreadPool.java:1469)
---- Begin backtrace for Nested Throwables
hoshen.common.utils.exception.HoshenException: Error in getEmsSession: 
	at hoshen.xsm.lightsoft.LightsoftManager.initSession(LightsoftManager.java:249)
	at hoshen.xsm.lightsoft.LightsoftManager.<init>(LightsoftManager.java:141)
	at hoshen.xsm.lightsoft.LightsoftManager.getInstance(LightsoftManager.java:114)
	at hoshen.lightsoft.demo.LSDemoServlet.init(LSDemoServlet.java:60)
	at javax.servlet.GenericServlet.init(GenericServlet.java:256)
	at com.ibm.ws.webcontainer.servlet.ServletWrapper.init(ServletWrapper.java:190)
	at com.ibm.ws.wswebcontainer.servlet.ServletWrapper.init(ServletWrapper.java:317)
	at com.ibm.ws.webcontainer.servlet.ServletWrapper.initialize(ServletWrapper.java:1142)
	at com.ibm.ws.wswebcontainer.servlet.ServletWrapper.initialize(ServletWrapper.java:150)
	at com.ibm.wsspi.webcontainer.extension.WebExtensionProcessor.createServletWrapper(WebExtensionProcessor.java:99)
	at com.ibm.ws.webcontainer.webapp.WebApp.getServletWrapper(WebApp.java:767)
	at com.ibm.ws.webcontainer.webapp.WebApp.initializeTargetMappings(WebApp.java:447)
	at com.ibm.ws.webcontainer.webapp.WebApp.commonInitializationFinish(WebApp.java:284)
	at com.ibm.ws.wswebcontainer.webapp.WebApp.initialize(WebApp.java:273)
	at com.ibm.ws.wswebcontainer.webapp.WebGroup.addWebApplication(WebGroup.java:88)
	at com.ibm.ws.wswebcontainer.VirtualHost.addWebApplication(VirtualHost.java:157)
	at com.ibm.ws.wswebcontainer.WebContainer.addWebApp(WebContainer.java:655)
	at com.ibm.ws.wswebcontainer.WebContainer.addWebApplication(WebContainer.java:608)
	at com.ibm.ws.webcontainer.component.WebContainerImpl.install(WebContainerImpl.java:333)
	at com.ibm.ws.webcontainer.component.WebContainerImpl.start(WebContainerImpl.java:549)
	at com.ibm.ws.runtime.component.ApplicationMgrImpl.start(ApplicationMgrImpl.java:1312)
	at com.ibm.ws.runtime.component.DeployedApplicationImpl.fireDeployedObjectStart(DeployedApplicationImpl.java:1129)
	at com.ibm.ws.runtime.component.DeployedModuleImpl.start(DeployedModuleImpl.java:569)
	at com.ibm.ws.runtime.component.DeployedApplicationImpl.start(DeployedApplicationImpl.java:814)
	at com.ibm.ws.runtime.component.ApplicationMgrImpl.startApplication(ApplicationMgrImpl.java:965)
	at com.ibm.ws.runtime.component.ApplicationMgrImpl$AppInitializer.run(ApplicationMgrImpl.java:2131)
	at com.ibm.wsspi.runtime.component.WsComponentImpl$_AsynchInitializer.run(WsComponentImpl.java:340)
	at com.ibm.ws.util.ThreadPool$Worker.run(ThreadPool.java:1469)
Caused by: org.omg.CORBA.TRANSIENT: java.net.SocketException: Operation timed out: connect:could be due to invalid address:host=dev190sun07,port=5075  vmcid: IBM  minor code: E02  completed: No
	at com.ibm.CORBA.transport.TransportConnectionBase.connect(TransportConnectionBase.java:425)
	at com.ibm.ws.orbimpl.transport.WSTransport.getConnection(WSTransport.java:429)
	at com.ibm.CORBA.transport.TransportBase.getConnection(TransportBase.java:163)
	at com.ibm.rmi.iiop.TransportManager.get(TransportManager.java:93)
	at com.ibm.rmi.iiop.GIOPImpl.getConnection(GIOPImpl.java:115)
	at com.ibm.rmi.iiop.GIOPImpl.locate(GIOPImpl.java:189)
	at com.ibm.rmi.corba.ClientDelegate.locate(ClientDelegate.java:1904)
	at com.ibm.rmi.corba.ClientDelegate._createRequest(ClientDelegate.java:1929)
	at com.ibm.rmi.corba.ClientDelegate.createRequest(ClientDelegate.java:1208)
	at com.ibm.CORBA.iiop.ClientDelegate.createRequest(ClientDelegate.java:1287)
	at com.ibm.rmi.corba.ClientDelegate.createRequest(ClientDelegate.java:1141)
	at com.ibm.CORBA.iiop.ClientDelegate.createRequest(ClientDelegate.java:1253)
	at com.ibm.rmi.corba.ClientDelegate.request(ClientDelegate.java:1807)
	at com.ibm.CORBA.iiop.ClientDelegate.request(ClientDelegate.java:1209)
	at org.omg.CORBA.portable.ObjectImpl._request(ObjectImpl.java:458)
	at hoshen.xsm.lightsoft.corba.emsSessionFactory._EmsSessionFactory_IStub.getEmsSession(_EmsSessionFactory_IStub.java:58)
	at hoshen.xsm.lightsoft.LightsoftManager.initSession(LightsoftManager.java:238)
	... 27 more
Caused by: java.net.SocketException: Operation timed out: connect:could be due to invalid address
	at java.net.PlainSocketImpl.socketConnect(Native Method)
	at java.net.PlainSocketImpl.doConnect(PlainSocketImpl.java:372)
	at java.net.PlainSocketImpl.connectToAddress(PlainSocketImpl.java:233)
	at java.net.PlainSocketImpl.connect(PlainSocketImpl.java:220)
	at java.net.SocksSocketImpl.connect(SocksSocketImpl.java:378)
	at java.net.Socket.connect(Socket.java:536)
	at java.net.Socket.connect(Socket.java:486)
	at java.net.Socket.<init>(Socket.java:394)
	at java.net.Socket.<init>(Socket.java:207)
	at com.ibm.ws.orbimpl.transport.WSTCPTransportConnection.createSocket(WSTCPTransportConnection.java:224)
	at com.ibm.CORBA.transport.TransportConnectionBase.connect(TransportConnectionBase.java:354)
	... 43 more

[15:56:35:639 GMT+02:00 16/07/07] 00000024 ServletWrappe I   SRVE0242I: [LsDemoEAR] [/LsWebProject] [hoshen_lightsoft_demo_LightsoftService]: Initialization successful.
[15:56:35:701 GMT+02:00 16/07/07] 00000024 WorkSpaceMana A   WKSP0500I: Workspace configuration consistency check is false.
[15:56:36:938 GMT+02:00 16/07/07] 00000024 VirtualHost   I   SRVE0250I: Web Module LsWebProject has been bound to default_host[*:9080,*:80,*:9443,*:5060,*:5061,*:443].
[15:56:36:954 GMT+02:00 16/07/07] 00000024 ApplicationMg A   WSVR0221I: Application started: LsDemoEAR
[15:56:36:954 GMT+02:00 16/07/07] 00000023 WebGroup      A   SRVE0169I: Loading Web Module: prjEJ_ServicesWeb.
[15:56:36:970 GMT+02:00 16/07/07] 00000024 ApplicationMg A   WSVR0200I: Starting application: ManagementEJB
[15:56:37:001 GMT+02:00 16/07/07] 00000024 ApplicationMg A   WSVR0204I: Application: ManagementEJB  Application build level: Unknown
[15:56:37:048 GMT+02:00 16/07/07] 00000024 EJBContainerI I   WSVR0037I: Starting EJB jar: mejb.jar
[15:56:37:095 GMT+02:00 16/07/07] 00000024 EJBContainerI I   WSVR0057I: EJB jar started: mejb.jar
[15:56:37:142 GMT+02:00 16/07/07] 00000024 ApplicationMg A   WSVR0221I: Application started: ManagementEJB
[15:56:37:157 GMT+02:00 16/07/07] 00000024 ApplicationMg A   WSVR0200I: Starting application: filetransfer
[15:56:37:189 GMT+02:00 16/07/07] 00000024 ApplicationMg A   WSVR0204I: Application: filetransfer  Application build level: Unknown
[15:56:37:799 GMT+02:00 16/07/07] 00000023 VirtualHost   I   SRVE0250I: Web Module prjEJ_ServicesWeb has been bound to default_host[*:9080,*:80,*:9443,*:5060,*:5061,*:443].
[15:56:37:815 GMT+02:00 16/07/07] 00000022 WebGroup      A   SRVE0169I: Loading Web Module: Integrated Solutions Console.
[15:56:38:003 GMT+02:00 16/07/07] 00000022 VirtualHost   I   SRVE0250I: Web Module Integrated Solutions Console has been bound to admin_host[*:9060,*:9043].
[15:56:38:206 GMT+02:00 16/07/07] 00000024 WebGroup      A   SRVE0169I: Loading Web Module: WebSphere Admin File Transfer Application.
[15:56:38:300 GMT+02:00 16/07/07] 00000024 ServletWrappe I   SRVE0242I: [filetransfer] [/FileTransfer] [transfer]: Initialization successful.
[15:56:38:300 GMT+02:00 16/07/07] 00000024 VirtualHost   I   SRVE0250I: Web Module WebSphere Admin File Transfer Application has been bound to admin_host[*:9060,*:9043].
[15:56:38:316 GMT+02:00 16/07/07] 00000023 WebGroup      A   SRVE0169I: Loading Web Module: prjEJ_ProxyWeb.
[15:56:38:316 GMT+02:00 16/07/07] 00000024 ApplicationMg A   WSVR0221I: Application started: filetransfer
[15:56:38:394 GMT+02:00 16/07/07] 00000024 ApplicationMg A   WSVR0200I: Starting application: SchedulerCalendars
[15:56:38:410 GMT+02:00 16/07/07] 00000024 ApplicationMg A   WSVR0204I: Application: SchedulerCalendars  Application build level: Unknown
[15:56:38:457 GMT+02:00 16/07/07] 00000024 EJBContainerI I   WSVR0037I: Starting EJB jar: Calendars.jar
[15:56:38:519 GMT+02:00 16/07/07] 00000024 EJBContainerI I   WSVR0057I: EJB jar started: Calendars.jar
[15:56:38:535 GMT+02:00 16/07/07] 00000023 VirtualHost   I   SRVE0250I: Web Module prjEJ_ProxyWeb has been bound to default_host[*:9080,*:80,*:9443,*:5060,*:5061,*:443].
[15:56:38:535 GMT+02:00 16/07/07] 00000024 ApplicationMg A   WSVR0221I: Application started: SchedulerCalendars
[15:56:38:551 GMT+02:00 16/07/07] 00000022 WebGroup      A   SRVE0169I: Loading Web Module: WIM.
[15:56:38:707 GMT+02:00 16/07/07] 00000022 VirtualHost   I   SRVE0250I: Web Module WIM has been bound to admin_host[*:9060,*:9043].
[15:56:38:754 GMT+02:00 16/07/07] 0000002e SystemOut     O 2007-07-16 15:56:38,707 INFO  [server.startup : 1] hoshen.startup.ejb.HoshenStartupBean - in HoshenStartupBean start
[15:56:38:770 GMT+02:00 16/07/07] 0000002e SystemOut     O 2007-07-16 15:56:38,770 DEBUG [server.startup : 1] hoshen.startup.HoshenStartupConfig - >getInstance()
[15:56:38:801 GMT+02:00 16/07/07] 00000022 WebGroup      A   SRVE0169I: Loading Web Module: WebSphere Application Server.
[15:56:38:833 GMT+02:00 16/07/07] 0000002e SystemOut     O 2007-07-16 15:56:38,801 DEBUG [server.startup : 1] hoshen.startup.HoshenStartupConfig - adding startup task to list: hibernatestartup
[15:56:38:833 GMT+02:00 16/07/07] 0000002e SystemOut     O 2007-07-16 15:56:38,801 INFO  [server.startup : 1] hoshen.startup.ejb.HoshenStartupBean - Executing startup task: hibernatestartup
[15:56:38:864 GMT+02:00 16/07/07] 00000022 VirtualHost   I   SRVE0250I: Web Module WebSphere Application Server has been bound to admin_host[*:9060,*:9043].
[15:56:38:880 GMT+02:00 16/07/07] 00000022 ApplicationMg A   WSVR0221I: Application started: isclite
[15:56:38:942 GMT+02:00 16/07/07] 0000002e SystemOut     O 2007-07-16 15:56:38,942 DEBUG [server.startup : 1] hoshen.common.utils.urldispatcher.db.DispatcherDAOBean - Starting up the Hibernate - VrooomVrooom
[15:56:40:038 GMT+02:00 16/07/07] 0000002e SystemOut     O 2007-07-16 15:56:40,022 DEBUG [server.startup : 1] hoshen.common.utils.urldispatcher.db.DispatcherDAOBean - Hibernate Started
[15:56:40:038 GMT+02:00 16/07/07] 00000023 ApplicationMg A   WSVR0221I: Application started: prjEJ_ServicesEAR
[15:56:40:101 GMT+02:00 16/07/07] 0000000a TCPChannel    I   TCPC0001I: TCP Channel TCP_1 is listening on host *  (IPv4) port 9060. 
[15:56:40:116 GMT+02:00 16/07/07] 0000000a WSChannelFram A   CHFW0019I: The Transport Channel Service has started chain WCInboundAdmin.
[15:56:40:132 GMT+02:00 16/07/07] 0000000a TCPChannel    I   TCPC0001I: TCP Channel TCP_2 is listening on host *  (IPv4) port 9080. 
[15:56:40:148 GMT+02:00 16/07/07] 0000000a WSChannelFram A   CHFW0019I: The Transport Channel Service has started chain WCInboundDefault.
[15:56:40:179 GMT+02:00 16/07/07] 0000000a TCPChannel    I   TCPC0001I: TCP Channel TCP_3 is listening on host *  (IPv4) port 9043. 
[15:56:40:195 GMT+02:00 16/07/07] 0000000a WSChannelFram A   CHFW0019I: The Transport Channel Service has started chain WCInboundAdminSecure.
[15:56:40:210 GMT+02:00 16/07/07] 0000000a TCPChannel    I   TCPC0001I: TCP Channel TCP_4 is listening on host *  (IPv4) port 9443. 
[15:56:40:210 GMT+02:00 16/07/07] 0000000a WSChannelFram A   CHFW0019I: The Transport Channel Service has started chain WCInboundDefaultSecure.
[15:56:40:257 GMT+02:00 16/07/07] 0000000a WSChannelFram A   CHFW0019I: The Transport Channel Service has started chain SOAPAcceptorChain1.
[15:56:40:257 GMT+02:00 16/07/07] 0000000a WSChannelFram A   CHFW0019I: The Transport Channel Service has started chain SOAPAcceptorChain2.
[15:56:40:273 GMT+02:00 16/07/07] 0000000a WSChannelFram A   CHFW0019I: The Transport Channel Service has started chain SOAPAcceptorChain3.
[15:56:40:273 GMT+02:00 16/07/07] 0000000a WSChannelFram A   CHFW0019I: The Transport Channel Service has started chain SOAPAcceptorChain4.
[15:56:40:304 GMT+02:00 16/07/07] 00000024 SchedulerServ I   SCHD0077I: The Scheduler Service is starting the Schedulers.
[15:56:40:304 GMT+02:00 16/07/07] 00000024 SchedulerServ I   SCHD0078I: The Scheduler Service has completed starting the Schedulers.
[15:56:40:382 GMT+02:00 16/07/07] 0000000a RMIConnectorC A   ADMC0026I: The RMI Connector is available at port 2809
[15:56:40:899 GMT+02:00 16/07/07] 0000000a WsServerImpl  A   WSVR0001I: Server server1 open for e-business
[15:56:56:492 GMT+02:00 16/07/07] 00000030 ServletWrappe I   SRVE0242I: [IBMUTC] [/UTC] [initializeServlet]: Initialization successful.
[15:57:03:537 GMT+02:00 16/07/07] 00000030 ServletWrappe I   SRVE0242I: [IBMUTC] [/UTC] [/index.jsp]: Initialization successful.
[15:57:03:740 GMT+02:00 16/07/07] 00000030 ServletWrappe I   SRVE0242I: [IBMUTC] [/UTC] [/html/banner.jsp]: Initialization successful.
[15:57:03:771 GMT+02:00 16/07/07] 00000031 ServletWrappe I   SRVE0242I: [IBMUTC] [/UTC] [/html/navigation.jsp]: Initialization successful.
[15:57:03:928 GMT+02:00 16/07/07] 00000030 ServletWrappe I   SRVE0242I: [IBMUTC] [/UTC] [/html/details.jsp]: Initialization successful.
[15:57:04:053 GMT+02:00 16/07/07] 00000030 ServletWrappe I   SRVE0242I: [IBMUTC] [/UTC] [/html/detail/welcome.jsp]: Initialization successful.
[15:57:06:120 GMT+02:00 16/07/07] 00000030 ServletWrappe I   SRVE0242I: [IBMUTC] [/UTC] [/html/detail/jndi.jsp]: Initialization successful.
[15:58:06:972 GMT+02:00 16/07/07] 00000030 ServletWrappe I   SRVE0242I: [IBMUTC] [/UTC] [treeExpansionServlet]: Initialization successful.
[15:58:07:128 GMT+02:00 16/07/07] 00000030 ComponentName W   CNTR0076W: A reference to an ResourceRef could not be found in the deployment descriptor for the WebApp or EnterpriseBean with the display name JmsTestSender : resRefBindings jndiName="jms/qcfTest".
[15:58:07:160 GMT+02:00 16/07/07] 00000030 ComponentName W   CNTR0076W: A reference to an ResourceRef could not be found in the deployment descriptor for the WebApp or EnterpriseBean with the display name JmsTestSender : resRefBindings jndiName="jms/queueTest".
[15:58:12:263 GMT+02:00 16/07/07] 00000030 ServletWrappe I   SRVE0242I: [IBMUTC] [/UTC] [jndiLookupServlet]: Initialization successful.
[15:58:26:776 GMT+02:00 16/07/07] 00000030 ServletWrappe I   SRVE0242I: [IBMUTC] [/UTC] [/html/detail/parameter.jsp]: Initialization successful.
[15:58:26:838 GMT+02:00 16/07/07] 00000030 ServletWrappe I   SRVE0242I: [IBMUTC] [/UTC] [/html/detail/results.jsp]: Initialization successful.
[15:58:31:410 GMT+02:00 16/07/07] 00000031 ServletWrappe I   SRVE0242I: [IBMUTC] [/UTC] [selectMemberServlet]: Initialization successful.
[15:58:32:443 GMT+02:00 16/07/07] 00000030 ServletWrappe I   SRVE0242I: [IBMUTC] [/UTC] [invokeServlet]: Initialization successful.
[15:58:36:889 GMT+02:00 16/07/07] 00000030 ServletWrappe I   SRVE0242I: [IBMUTC] [/UTC] [addObjectServlet]: Initialization successful.
[15:59:17:703 GMT+02:00 16/07/07] 00000030 SystemOut     O Connect with url
[15:59:17:703 GMT+02:00 16/07/07] 00000030 SystemOut     O before lookup to qcf = qcfTest
[15:59:17:765 GMT+02:00 16/07/07] 00000030 SystemOut     O before createQueueconnection
[15:59:21:194 GMT+02:00 16/07/07] 00000030 WSChannelFram A   CHFW0019I: The Transport Channel Service has started chain BootstrapBasicMessaging.
[15:59:21:945 GMT+02:00 16/07/07] 00000030 SystemOut     O before start session
[15:59:21:945 GMT+02:00 16/07/07] 00000030 SystemOut     O before createQueueSession
[15:59:21:961 GMT+02:00 16/07/07] 00000030 SystemOut     O before create temporary-queue
[15:59:22:336 GMT+02:00 16/07/07] 00000030 SystemOut     O > lookUpHome
[15:59:22:869 GMT+02:00 16/07/07] 00000030 SystemOut     O < lookUpHome
[15:59:23:636 GMT+02:00 16/07/07] 00000030 SystemOut     O Before loop of receiver
[15:59:23:714 GMT+02:00 16/07/07] 00000030 SystemOut     O  received msg = Message for send0
[15:59:23:745 GMT+02:00 16/07/07] 00000030 SystemOut     O  received msg = Message for send1
[15:59:23:777 GMT+02:00 16/07/07] 00000030 SystemOut     O  received msg = Message for send2
[15:59:23:808 GMT+02:00 16/07/07] 00000030 SystemOut     O  received msg = Message for send3
[16:01:00:140 GMT+02:00 16/07/07] 00000030 SystemOut     O Connect with url
[16:01:00:154 GMT+02:00 16/07/07] 00000030 SystemOut     O before lookup to qcf = qcfTest
[16:01:00:182 GMT+02:00 16/07/07] 00000030 SystemOut     O before createQueueconnection
[16:01:00:196 GMT+02:00 16/07/07] 00000030 SystemOut     O before start session
[16:01:00:196 GMT+02:00 16/07/07] 00000030 SystemOut     O before createQueueSession
[16:01:00:196 GMT+02:00 16/07/07] 00000030 SystemOut     O before create temporary-queue
[16:01:00:756 GMT+02:00 16/07/07] 00000030 SystemOut     O > lookUpHome
[16:01:01:317 GMT+02:00 16/07/07] 00000030 SystemOut     O < lookUpHome
[16:01:31:367 GMT+02:00 16/07/07] 00000013 SystemOut     O before lookup to qcf = qcfTest
[16:01:31:367 GMT+02:00 16/07/07] 00000013 SystemOut     O before createQueueconnection
[16:01:31:367 GMT+02:00 16/07/07] 00000013 PrivExAction  W   J2CA0144W: No mappingConfigAlias found for connection factory or datasource jms/qcfTest.
[16:01:31:409 GMT+02:00 16/07/07] 00000013 PrivExAction  W   J2CA0114W: No container-managed authentication alias found for connection factory or datasource jms/qcfTest.
[16:01:31:451 GMT+02:00 16/07/07] 00000013 SystemOut     O before start session
[16:01:31:451 GMT+02:00 16/07/07] 00000013 SystemOut     O before createQueueSession
[16:01:31:451 GMT+02:00 16/07/07] 00000013 SystemOut     O before create queuename
[16:01:31:451 GMT+02:00 16/07/07] 00000013 SystemOut     O before create sender
[16:01:31:521 GMT+02:00 16/07/07] 00000013 SystemOut     O loop for send 5 messages
[16:01:31:521 GMT+02:00 16/07/07] 00000013 SystemOut     O before Send
[16:01:31:521 GMT+02:00 16/07/07] 00000013 SystemOut     O after  Send
[16:01:31:591 GMT+02:00 16/07/07] 00000013 SystemOut     O before Send
[16:01:31:591 GMT+02:00 16/07/07] 00000013 SystemOut     O after  Send
[16:01:31:605 GMT+02:00 16/07/07] 00000013 SystemOut     O before Send
[16:01:31:605 GMT+02:00 16/07/07] 00000013 SystemOut     O after  Send
[16:01:31:619 GMT+02:00 16/07/07] 00000013 SystemOut     O before Send
[16:01:31:619 GMT+02:00 16/07/07] 00000013 SystemOut     O after  Send
[16:01:31:647 GMT+02:00 16/07/07] 00000013 SystemOut     O before Send
[16:01:31:647 GMT+02:00 16/07/07] 00000013 SystemOut     O after  Send
[16:05:59:725 GMT+02:00 16/07/07] 00000013 SystemOut     O before lookup to qcf = qcfTest
[16:05:59:725 GMT+02:00 16/07/07] 00000013 SystemOut     O before createQueueconnection
[16:05:59:725 GMT+02:00 16/07/07] 00000013 SystemOut     O before start session
[16:05:59:725 GMT+02:00 16/07/07] 00000013 SystemOut     O before createQueueSession
[16:05:59:725 GMT+02:00 16/07/07] 00000013 SystemOut     O before create queuename
[16:05:59:725 GMT+02:00 16/07/07] 00000013 SystemOut     O before create sender
[16:05:59:935 GMT+02:00 16/07/07] 00000013 SystemOut     O loop for send 4 messages
[16:05:59:935 GMT+02:00 16/07/07] 00000013 SystemOut     O before Send
[16:05:59:935 GMT+02:00 16/07/07] 00000013 SystemOut     O after  Send
