[15:56:35:326 GMT+02:00 16/07/07] 00000024 SystemErr     R org.omg.CORBA.TRANSIENT: java.net.SocketException: Operation timed out: connect:could be due to invalid address:host=dev190sun07,port=5075  vmcid: IBM  minor code: E02  completed: No
[15:56:35:341 GMT+02:00 16/07/07] 00000024 SystemErr     R 	at com.ibm.CORBA.transport.TransportConnectionBase.connect(TransportConnectionBase.java:425)
[15:56:35:341 GMT+02:00 16/07/07] 00000024 SystemErr     R 	at com.ibm.ws.orbimpl.transport.WSTransport.getConnection(WSTransport.java:429)
[15:56:35:341 GMT+02:00 16/07/07] 00000024 SystemErr     R 	at com.ibm.CORBA.transport.TransportBase.getConnection(TransportBase.java:163)
[15:56:35:341 GMT+02:00 16/07/07] 00000024 SystemErr     R 	at com.ibm.rmi.iiop.TransportManager.get(TransportManager.java:93)
[15:56:35:341 GMT+02:00 16/07/07] 00000024 SystemErr     R 	at com.ibm.rmi.iiop.GIOPImpl.getConnection(GIOPImpl.java:115)
[15:56:35:341 GMT+02:00 16/07/07] 00000024 SystemErr     R 	at com.ibm.rmi.iiop.GIOPImpl.locate(GIOPImpl.java:189)
[15:56:35:341 GMT+02:00 16/07/07] 00000024 SystemErr     R 	at com.ibm.rmi.corba.ClientDelegate.locate(ClientDelegate.java:1904)
[15:56:35:341 GMT+02:00 16/07/07] 00000024 SystemErr     R 	at com.ibm.rmi.corba.ClientDelegate._createRequest(ClientDelegate.java:1929)
[15:56:35:341 GMT+02:00 16/07/07] 00000024 SystemErr     R 	at com.ibm.rmi.corba.ClientDelegate.createRequest(ClientDelegate.java:1208)
[15:56:35:341 GMT+02:00 16/07/07] 00000024 SystemErr     R 	at com.ibm.CORBA.iiop.ClientDelegate.createRequest(ClientDelegate.java:1287)
[15:56:35:341 GMT+02:00 16/07/07] 00000024 SystemErr     R 	at com.ibm.rmi.corba.ClientDelegate.createRequest(ClientDelegate.java:1141)
[15:56:35:341 GMT+02:00 16/07/07] 00000024 SystemErr     R 	at com.ibm.CORBA.iiop.ClientDelegate.createRequest(ClientDelegate.java:1253)
[15:56:35:341 GMT+02:00 16/07/07] 00000024 SystemErr     R 	at com.ibm.rmi.corba.ClientDelegate.request(ClientDelegate.java:1807)
[15:56:35:341 GMT+02:00 16/07/07] 00000024 SystemErr     R 	at com.ibm.CORBA.iiop.ClientDelegate.request(ClientDelegate.java:1209)
[15:56:35:341 GMT+02:00 16/07/07] 00000024 SystemErr     R 	at org.omg.CORBA.portable.ObjectImpl._request(ObjectImpl.java:458)
[15:56:35:341 GMT+02:00 16/07/07] 00000024 SystemErr     R 	at hoshen.xsm.lightsoft.corba.emsSessionFactory._EmsSessionFactory_IStub.getEmsSession(_EmsSessionFactory_IStub.java:58)
[15:56:35:341 GMT+02:00 16/07/07] 00000024 SystemErr     R 	at hoshen.xsm.lightsoft.LightsoftManager.initSession(LightsoftManager.java:238)
[15:56:35:341 GMT+02:00 16/07/07] 00000024 SystemErr     R 	at hoshen.xsm.lightsoft.LightsoftManager.<init>(LightsoftManager.java:141)
[15:56:35:341 GMT+02:00 16/07/07] 00000024 SystemErr     R 	at hoshen.xsm.lightsoft.LightsoftManager.getInstance(LightsoftManager.java:114)
[15:56:35:341 GMT+02:00 16/07/07] 00000024 SystemErr     R 	at hoshen.lightsoft.demo.LSDemoServlet.init(LSDemoServlet.java:60)
[15:56:35:341 GMT+02:00 16/07/07] 00000024 SystemErr     R 	at javax.servlet.GenericServlet.init(GenericServlet.java:256)
[15:56:35:341 GMT+02:00 16/07/07] 00000024 SystemErr     R 	at com.ibm.ws.webcontainer.servlet.ServletWrapper.init(ServletWrapper.java:190)
[15:56:35:341 GMT+02:00 16/07/07] 00000024 SystemErr     R 	at com.ibm.ws.wswebcontainer.servlet.ServletWrapper.init(ServletWrapper.java:317)
[15:56:35:357 GMT+02:00 16/07/07] 00000024 SystemErr     R 	at com.ibm.ws.webcontainer.servlet.ServletWrapper.initialize(ServletWrapper.java:1142)
[15:56:35:357 GMT+02:00 16/07/07] 00000024 SystemErr     R 	at com.ibm.ws.wswebcontainer.servlet.ServletWrapper.initialize(ServletWrapper.java:150)
[15:56:35:357 GMT+02:00 16/07/07] 00000024 SystemErr     R 	at com.ibm.wsspi.webcontainer.extension.WebExtensionProcessor.createServletWrapper(WebExtensionProcessor.java:99)
[15:56:35:357 GMT+02:00 16/07/07] 00000024 SystemErr     R 	at com.ibm.ws.webcontainer.webapp.WebApp.getServletWrapper(WebApp.java:767)
[15:56:35:357 GMT+02:00 16/07/07] 00000024 SystemErr     R 	at com.ibm.ws.webcontainer.webapp.WebApp.initializeTargetMappings(WebApp.java:447)
[15:56:35:357 GMT+02:00 16/07/07] 00000024 SystemErr     R 	at com.ibm.ws.webcontainer.webapp.WebApp.commonInitializationFinish(WebApp.java:284)
[15:56:35:357 GMT+02:00 16/07/07] 00000024 SystemErr     R 	at com.ibm.ws.wswebcontainer.webapp.WebApp.initialize(WebApp.java:273)
[15:56:35:357 GMT+02:00 16/07/07] 00000024 SystemErr     R 	at com.ibm.ws.wswebcontainer.webapp.WebGroup.addWebApplication(WebGroup.java:88)
[15:56:35:357 GMT+02:00 16/07/07] 00000024 SystemErr     R 	at com.ibm.ws.wswebcontainer.VirtualHost.addWebApplication(VirtualHost.java:157)
[15:56:35:357 GMT+02:00 16/07/07] 00000024 SystemErr     R 	at com.ibm.ws.wswebcontainer.WebContainer.addWebApp(WebContainer.java:655)
[15:56:35:357 GMT+02:00 16/07/07] 00000024 SystemErr     R 	at com.ibm.ws.wswebcontainer.WebContainer.addWebApplication(WebContainer.java:608)
[15:56:35:357 GMT+02:00 16/07/07] 00000024 SystemErr     R 	at com.ibm.ws.webcontainer.component.WebContainerImpl.install(WebContainerImpl.java:333)
[15:56:35:357 GMT+02:00 16/07/07] 00000024 SystemErr     R 	at com.ibm.ws.webcontainer.component.WebContainerImpl.start(WebContainerImpl.java:549)
[15:56:35:357 GMT+02:00 16/07/07] 00000024 SystemErr     R 	at com.ibm.ws.runtime.component.ApplicationMgrImpl.start(ApplicationMgrImpl.java:1312)
[15:56:35:357 GMT+02:00 16/07/07] 00000024 SystemErr     R 	at com.ibm.ws.runtime.component.DeployedApplicationImpl.fireDeployedObjectStart(DeployedApplicationImpl.java:1129)
[15:56:35:357 GMT+02:00 16/07/07] 00000024 SystemErr     R 	at com.ibm.ws.runtime.component.DeployedModuleImpl.start(DeployedModuleImpl.java:569)
[15:56:35:357 GMT+02:00 16/07/07] 00000024 SystemErr     R 	at com.ibm.ws.runtime.component.DeployedApplicationImpl.start(DeployedApplicationImpl.java:814)
[15:56:35:357 GMT+02:00 16/07/07] 00000024 SystemErr     R 	at com.ibm.ws.runtime.component.ApplicationMgrImpl.startApplication(ApplicationMgrImpl.java:965)
[15:56:35:357 GMT+02:00 16/07/07] 00000024 SystemErr     R 	at com.ibm.ws.runtime.component.ApplicationMgrImpl$AppInitializer.run(ApplicationMgrImpl.java:2131)
[15:56:35:357 GMT+02:00 16/07/07] 00000024 SystemErr     R 	at com.ibm.wsspi.runtime.component.WsComponentImpl$_AsynchInitializer.run(WsComponentImpl.java:340)
[15:56:35:357 GMT+02:00 16/07/07] 00000024 SystemErr     R 	at com.ibm.ws.util.ThreadPool$Worker.run(ThreadPool.java:1469)
[15:56:35:357 GMT+02:00 16/07/07] 00000024 SystemErr     R Caused by: java.net.SocketException: Operation timed out: connect:could be due to invalid address
	at java.net.PlainSocketImpl.socketConnect(Native Method)
	at java.net.PlainSocketImpl.doConnect(PlainSocketImpl.java:372)
	at java.net.PlainSocketImpl.connectToAddress(PlainSocketImpl.java:233)
	at java.net.PlainSocketImpl.connect(PlainSocketImpl.java:220)
	at java.net.SocksSocketImpl.connect(SocksSocketImpl.java:378)
	at java.net.Socket.connect(Socket.java:536)
	at java.net.Socket.connect(Socket.java:486)
	at java.net.Socket.<init>(Socket.java:394)
	at java.net.Socket.<init>(Socket.java:207)
	at com.ibm.ws.orbimpl.transport.WSTCPTransportConnection.createSocket(WSTCPTransportConnection.java:224)
	at com.ibm.CORBA.transport.TransportConnectionBase.connect(TransportConnectionBase.java:354)
	at com.ibm.ws.orbimpl.transport.WSTransport.getConnection(WSTransport.java:429)
	at com.ibm.CORBA.transport.TransportBase.getConnection(TransportBase.java:163)
	at com.ibm.rmi.iiop.TransportManager.get(TransportManager.java:93)
	at com.ibm.rmi.iiop.GIOPImpl.getConnection(GIOPImpl.java:115)
	at com.ibm.rmi.iiop.GIOPImpl.locate(GIOPImpl.java:189)
	at com.ibm.rmi.corba.ClientDelegate.locate(ClientDelegate.java:1904)
	at com.ibm.rmi.corba.ClientDelegate._createRequest(ClientDelegate.java:1929)
	at com.ibm.rmi.corba.ClientDelegate.createRequest(ClientDelegate.java:1208)
	at com.ibm.CORBA.iiop.ClientDelegate.createRequest(ClientDelegate.java:1287)
	at com.ibm.rmi.corba.ClientDelegate.createRequest(ClientDelegate.java:1141)
	at com.ibm.CORBA.iiop.ClientDelegate.createRequest(ClientDelegate.java:1253)
	at com.ibm.rmi.corba.ClientDelegate.request(ClientDelegate.java:1807)
	at com.ibm.CORBA.iiop.ClientDelegate.request(ClientDelegate.java:1209)
	at org.omg.CORBA.portable.ObjectImpl._request(ObjectImpl.java:458)
	at hoshen.xsm.lightsoft.corba.emsSessionFactory._EmsSessionFactory_IStub.getEmsSession(_EmsSessionFactory_IStub.java:58)
	at hoshen.xsm.lightsoft.LightsoftManager.initSession(LightsoftManager.java:238)
	at hoshen.xsm.lightsoft.LightsoftManager.<init>(LightsoftManager.java:141)
	at hoshen.xsm.lightsoft.LightsoftManager.getInstance(LightsoftManager.java:114)
	at hoshen.lightsoft.demo.LSDemoServlet.init(LSDemoServlet.java:60)
	at javax.servlet.GenericServlet.init(GenericServlet.java:256)
	at com.ibm.ws.webcontainer.servlet.ServletWrapper.init(ServletWrapper.java:190)
	at com.ibm.ws.wswebcontainer.servlet.ServletWrapper.init(ServletWrapper.java:317)
	at com.ibm.ws.webcontainer.servlet.ServletWrapper.initialize(ServletWrapper.java:1142)
	at com.ibm.ws.wswebcontainer.servlet.ServletWrapper.initialize(ServletWrapper.java:150)
	at com.ibm.wsspi.webcontainer.extension.WebExtensionProcessor.createServletWrapper(WebExtensionProcessor.java:99)
	at com.ibm.ws.webcontainer.webapp.WebApp.getServletWrapper(WebApp.java:767)
	at com.ibm.ws.webcontainer.webapp.WebApp.initializeTargetMappings(WebApp.java:447)
	at com.ibm.ws.webcontainer.webapp.WebApp.commonInitializationFinish(WebApp.java:284)
	at com.ibm.ws.wswebcontainer.webapp.WebApp.initialize(WebApp.java:273)
	at com.ibm.ws.wswebcontainer.webapp.WebGroup.addWebApplication(WebGroup.java:88)
	at com.ibm.ws.wswebcontainer.VirtualHost.addWebApplication(VirtualHost.java:157)
	at com.ibm.ws.wswebcontainer.WebContainer.addWebApp(WebContainer.java:655)
	at com.ibm.ws.wswebcontainer.WebContainer.addWebApplication(WebContainer.java:608)
	at com.ibm.ws.webcontainer.component.WebContainerImpl.install(WebContainerImpl.java:333)
	at com.ibm.ws.webcontainer.component.WebContainerImpl.start(WebContainerImpl.java:549)
	at com.ibm.ws.runtime.component.ApplicationMgrImpl.start(ApplicationMgrImpl.java:1312)
	at com.ibm.ws.runtime.component.DeployedApplicationImpl.fireDeployedObjectStart(DeployedApplicationImpl.java:1129)
	at com.ibm.ws.runtime.component.DeployedModuleImpl.start(DeployedModuleImpl.java:569)
	at com.ibm.ws.runtime.component.DeployedApplicationImpl.start(DeployedApplicationImpl.java:814)
	at com.ibm.ws.runtime.component.ApplicationMgrImpl.startApplication(ApplicationMgrImpl.java:965)
	at com.ibm.ws.runtime.component.ApplicationMgrImpl$AppInitializer.run(ApplicationMgrImpl.java:2131)
	at com.ibm.wsspi.runtime.component.WsComponentImpl$_AsynchInitializer.run(WsComponentImpl.java:340)
	at com.ibm.ws.util.ThreadPool$Worker.run(ThreadPool.java:1469)

[15:56:35:388 GMT+02:00 16/07/07] 00000024 SystemErr     R 	at java.net.PlainSocketImpl.socketConnect(Native Method)
[15:56:35:388 GMT+02:00 16/07/07] 00000024 SystemErr     R 	at java.net.PlainSocketImpl.doConnect(PlainSocketImpl.java:372)
[15:56:35:388 GMT+02:00 16/07/07] 00000024 SystemErr     R 	at java.net.PlainSocketImpl.connectToAddress(PlainSocketImpl.java:233)
[15:56:35:388 GMT+02:00 16/07/07] 00000024 SystemErr     R 	at java.net.PlainSocketImpl.connect(PlainSocketImpl.java:220)
[15:56:35:388 GMT+02:00 16/07/07] 00000024 SystemErr     R 	at java.net.SocksSocketImpl.connect(SocksSocketImpl.java:378)
[15:56:35:388 GMT+02:00 16/07/07] 00000024 SystemErr     R 	at java.net.Socket.connect(Socket.java:536)
[15:56:35:388 GMT+02:00 16/07/07] 00000024 SystemErr     R 	at java.net.Socket.connect(Socket.java:486)
[15:56:35:388 GMT+02:00 16/07/07] 00000024 SystemErr     R 	at java.net.Socket.<init>(Socket.java:394)
[15:56:35:388 GMT+02:00 16/07/07] 00000024 SystemErr     R 	at java.net.Socket.<init>(Socket.java:207)
[15:56:35:388 GMT+02:00 16/07/07] 00000024 SystemErr     R 	at com.ibm.ws.orbimpl.transport.WSTCPTransportConnection.createSocket(WSTCPTransportConnection.java:224)
[15:56:35:388 GMT+02:00 16/07/07] 00000024 SystemErr     R 	at com.ibm.CORBA.transport.TransportConnectionBase.connect(TransportConnectionBase.java:354)
[15:56:35:388 GMT+02:00 16/07/07] 00000024 SystemErr     R 	... 43 more
[15:56:35:404 GMT+02:00 16/07/07] 00000024 SystemErr     R hoshen.common.utils.exception.HoshenException: Error in getEmsSession: 
[15:56:35:404 GMT+02:00 16/07/07] 00000024 SystemErr     R 	at hoshen.xsm.lightsoft.LightsoftManager.initSession(LightsoftManager.java:249)
[15:56:35:404 GMT+02:00 16/07/07] 00000024 SystemErr     R 	at hoshen.xsm.lightsoft.LightsoftManager.<init>(LightsoftManager.java:141)
[15:56:35:404 GMT+02:00 16/07/07] 00000024 SystemErr     R 	at hoshen.xsm.lightsoft.LightsoftManager.getInstance(LightsoftManager.java:114)
[15:56:35:404 GMT+02:00 16/07/07] 00000024 SystemErr     R 	at hoshen.lightsoft.demo.LSDemoServlet.init(LSDemoServlet.java:60)
[15:56:35:404 GMT+02:00 16/07/07] 00000024 SystemErr     R 	at javax.servlet.GenericServlet.init(GenericServlet.java:256)
[15:56:35:404 GMT+02:00 16/07/07] 00000024 SystemErr     R 	at com.ibm.ws.webcontainer.servlet.ServletWrapper.init(ServletWrapper.java:190)
[15:56:35:404 GMT+02:00 16/07/07] 00000024 SystemErr     R 	at com.ibm.ws.wswebcontainer.servlet.ServletWrapper.init(ServletWrapper.java:317)
[15:56:35:404 GMT+02:00 16/07/07] 00000024 SystemErr     R 	at com.ibm.ws.webcontainer.servlet.ServletWrapper.initialize(ServletWrapper.java:1142)
[15:56:35:404 GMT+02:00 16/07/07] 00000024 SystemErr     R 	at com.ibm.ws.wswebcontainer.servlet.ServletWrapper.initialize(ServletWrapper.java:150)
[15:56:35:404 GMT+02:00 16/07/07] 00000024 SystemErr     R 	at com.ibm.wsspi.webcontainer.extension.WebExtensionProcessor.createServletWrapper(WebExtensionProcessor.java:99)
[15:56:35:404 GMT+02:00 16/07/07] 00000024 SystemErr     R 	at com.ibm.ws.webcontainer.webapp.WebApp.getServletWrapper(WebApp.java:767)
[15:56:35:404 GMT+02:00 16/07/07] 00000024 SystemErr     R 	at com.ibm.ws.webcontainer.webapp.WebApp.initializeTargetMappings(WebApp.java:447)
[15:56:35:404 GMT+02:00 16/07/07] 00000024 SystemErr     R 	at com.ibm.ws.webcontainer.webapp.WebApp.commonInitializationFinish(WebApp.java:284)
[15:56:35:420 GMT+02:00 16/07/07] 00000024 SystemErr     R 	at com.ibm.ws.wswebcontainer.webapp.WebApp.initialize(WebApp.java:273)
[15:56:35:420 GMT+02:00 16/07/07] 00000024 SystemErr     R 	at com.ibm.ws.wswebcontainer.webapp.WebGroup.addWebApplication(WebGroup.java:88)
[15:56:35:420 GMT+02:00 16/07/07] 00000024 SystemErr     R 	at com.ibm.ws.wswebcontainer.VirtualHost.addWebApplication(VirtualHost.java:157)
[15:56:35:420 GMT+02:00 16/07/07] 00000024 SystemErr     R 	at com.ibm.ws.wswebcontainer.WebContainer.addWebApp(WebContainer.java:655)
[15:56:35:420 GMT+02:00 16/07/07] 00000024 SystemErr     R 	at com.ibm.ws.wswebcontainer.WebContainer.addWebApplication(WebContainer.java:608)
[15:56:35:420 GMT+02:00 16/07/07] 00000024 SystemErr     R 	at com.ibm.ws.webcontainer.component.WebContainerImpl.install(WebContainerImpl.java:333)
[15:56:35:420 GMT+02:00 16/07/07] 00000024 SystemErr     R 	at com.ibm.ws.webcontainer.component.WebContainerImpl.start(WebContainerImpl.java:549)
[15:56:35:420 GMT+02:00 16/07/07] 00000024 SystemErr     R 	at com.ibm.ws.runtime.component.ApplicationMgrImpl.start(ApplicationMgrImpl.java:1312)
[15:56:35:420 GMT+02:00 16/07/07] 00000024 SystemErr     R 	at com.ibm.ws.runtime.component.DeployedApplicationImpl.fireDeployedObjectStart(DeployedApplicationImpl.java:1129)
[15:56:35:420 GMT+02:00 16/07/07] 00000024 SystemErr     R 	at com.ibm.ws.runtime.component.DeployedModuleImpl.start(DeployedModuleImpl.java:569)
[15:56:35:420 GMT+02:00 16/07/07] 00000024 SystemErr     R 	at com.ibm.ws.runtime.component.DeployedApplicationImpl.start(DeployedApplicationImpl.java:814)
[15:56:35:420 GMT+02:00 16/07/07] 00000024 SystemErr     R 	at com.ibm.ws.runtime.component.ApplicationMgrImpl.startApplication(ApplicationMgrImpl.java:965)
[15:56:35:420 GMT+02:00 16/07/07] 00000024 SystemErr     R 	at com.ibm.ws.runtime.component.ApplicationMgrImpl$AppInitializer.run(ApplicationMgrImpl.java:2131)
[15:56:35:420 GMT+02:00 16/07/07] 00000024 SystemErr     R 	at com.ibm.wsspi.runtime.component.WsComponentImpl$_AsynchInitializer.run(WsComponentImpl.java:340)
[15:56:35:420 GMT+02:00 16/07/07] 00000024 SystemErr     R 	at com.ibm.ws.util.ThreadPool$Worker.run(ThreadPool.java:1469)
[15:56:35:420 GMT+02:00 16/07/07] 00000024 SystemErr     R Caused by: org.omg.CORBA.TRANSIENT: java.net.SocketException: Operation timed out: connect:could be due to invalid address:host=dev190sun07,port=5075  vmcid: IBM  minor code: E02  completed: No
	at com.ibm.CORBA.transport.TransportConnectionBase.connect(TransportConnectionBase.java:425)
	at com.ibm.ws.orbimpl.transport.WSTransport.getConnection(WSTransport.java:429)
	at com.ibm.CORBA.transport.TransportBase.getConnection(TransportBase.java:163)
	at com.ibm.rmi.iiop.TransportManager.get(TransportManager.java:93)
	at com.ibm.rmi.iiop.GIOPImpl.getConnection(GIOPImpl.java:115)
	at com.ibm.rmi.iiop.GIOPImpl.locate(GIOPImpl.java:189)
	at com.ibm.rmi.corba.ClientDelegate.locate(ClientDelegate.java:1904)
	at com.ibm.rmi.corba.ClientDelegate._createRequest(ClientDelegate.java:1929)
	at com.ibm.rmi.corba.ClientDelegate.createRequest(ClientDelegate.java:1208)
	at com.ibm.CORBA.iiop.ClientDelegate.createRequest(ClientDelegate.java:1287)
	at com.ibm.rmi.corba.ClientDelegate.createRequest(ClientDelegate.java:1141)
	at com.ibm.CORBA.iiop.ClientDelegate.createRequest(ClientDelegate.java:1253)
	at com.ibm.rmi.corba.ClientDelegate.request(ClientDelegate.java:1807)
	at com.ibm.CORBA.iiop.ClientDelegate.request(ClientDelegate.java:1209)
	at org.omg.CORBA.portable.ObjectImpl._request(ObjectImpl.java:458)
	at hoshen.xsm.lightsoft.corba.emsSessionFactory._EmsSessionFactory_IStub.getEmsSession(_EmsSessionFactory_IStub.java:58)
	at hoshen.xsm.lightsoft.LightsoftManager.initSession(LightsoftManager.java:238)
	at hoshen.xsm.lightsoft.LightsoftManager.<init>(LightsoftManager.java:141)
	at hoshen.xsm.lightsoft.LightsoftManager.getInstance(LightsoftManager.java:114)
	at hoshen.lightsoft.demo.LSDemoServlet.init(LSDemoServlet.java:60)
	at javax.servlet.GenericServlet.init(GenericServlet.java:256)
	at com.ibm.ws.webcontainer.servlet.ServletWrapper.init(ServletWrapper.java:190)
	at com.ibm.ws.wswebcontainer.servlet.ServletWrapper.init(ServletWrapper.java:317)
	at com.ibm.ws.webcontainer.servlet.ServletWrapper.initialize(ServletWrapper.java:1142)
	at com.ibm.ws.wswebcontainer.servlet.ServletWrapper.initialize(ServletWrapper.java:150)
	at com.ibm.wsspi.webcontainer.extension.WebExtensionProcessor.createServletWrapper(WebExtensionProcessor.java:99)
	at com.ibm.ws.webcontainer.webapp.WebApp.getServletWrapper(WebApp.java:767)
	at com.ibm.ws.webcontainer.webapp.WebApp.initializeTargetMappings(WebApp.java:447)
	at com.ibm.ws.webcontainer.webapp.WebApp.commonInitializationFinish(WebApp.java:284)
	at com.ibm.ws.wswebcontainer.webapp.WebApp.initialize(WebApp.java:273)
	at com.ibm.ws.wswebcontainer.webapp.WebGroup.addWebApplication(WebGroup.java:88)
	at com.ibm.ws.wswebcontainer.VirtualHost.addWebApplication(VirtualHost.java:157)
	at com.ibm.ws.wswebcontainer.WebContainer.addWebApp(WebContainer.java:655)
	at com.ibm.ws.wswebcontainer.WebContainer.addWebApplication(WebContainer.java:608)
	at com.ibm.ws.webcontainer.component.WebContainerImpl.install(WebContainerImpl.java:333)
	at com.ibm.ws.webcontainer.component.WebContainerImpl.start(WebContainerImpl.java:549)
	at com.ibm.ws.runtime.component.ApplicationMgrImpl.start(ApplicationMgrImpl.java:1312)
	at com.ibm.ws.runtime.component.DeployedApplicationImpl.fireDeployedObjectStart(DeployedApplicationImpl.java:1129)
	at com.ibm.ws.runtime.component.DeployedModuleImpl.start(DeployedModuleImpl.java:569)
	at com.ibm.ws.runtime.component.DeployedApplicationImpl.start(DeployedApplicationImpl.java:814)
	at com.ibm.ws.runtime.component.ApplicationMgrImpl.startApplication(ApplicationMgrImpl.java:965)
	at com.ibm.ws.runtime.component.ApplicationMgrImpl$AppInitializer.run(ApplicationMgrImpl.java:2131)
	at com.ibm.wsspi.runtime.component.WsComponentImpl$_AsynchInitializer.run(WsComponentImpl.java:340)
	at com.ibm.ws.util.ThreadPool$Worker.run(ThreadPool.java:1469)
Caused by: java.net.SocketException: Operation timed out: connect:could be due to invalid address
	at java.net.PlainSocketImpl.socketConnect(Native Method)
	at java.net.PlainSocketImpl.doConnect(PlainSocketImpl.java:372)
	at java.net.PlainSocketImpl.connectToAddress(PlainSocketImpl.java:233)
	at java.net.PlainSocketImpl.connect(PlainSocketImpl.java:220)
	at java.net.SocksSocketImpl.connect(SocksSocketImpl.java:378)
	at java.net.Socket.connect(Socket.java:536)
	at java.net.Socket.connect(Socket.java:486)
	at java.net.Socket.<init>(Socket.java:394)
	at java.net.Socket.<init>(Socket.java:207)
	at com.ibm.ws.orbimpl.transport.WSTCPTransportConnection.createSocket(WSTCPTransportConnection.java:224)
	at com.ibm.CORBA.transport.TransportConnectionBase.connect(TransportConnectionBase.java:354)
	... 43 more

[15:56:35:420 GMT+02:00 16/07/07] 00000024 SystemErr     R 	at com.ibm.CORBA.transport.TransportConnectionBase.connect(TransportConnectionBase.java:425)
[15:56:35:420 GMT+02:00 16/07/07] 00000024 SystemErr     R 	at com.ibm.ws.orbimpl.transport.WSTransport.getConnection(WSTransport.java:429)
[15:56:35:420 GMT+02:00 16/07/07] 00000024 SystemErr     R 	at com.ibm.CORBA.transport.TransportBase.getConnection(TransportBase.java:163)
[15:56:35:420 GMT+02:00 16/07/07] 00000024 SystemErr     R 	at com.ibm.rmi.iiop.TransportManager.get(TransportManager.java:93)
[15:56:35:420 GMT+02:00 16/07/07] 00000024 SystemErr     R 	at com.ibm.rmi.iiop.GIOPImpl.getConnection(GIOPImpl.java:115)
[15:56:35:420 GMT+02:00 16/07/07] 00000024 SystemErr     R 	at com.ibm.rmi.iiop.GIOPImpl.locate(GIOPImpl.java:189)
[15:56:35:420 GMT+02:00 16/07/07] 00000024 SystemErr     R 	at com.ibm.rmi.corba.ClientDelegate.locate(ClientDelegate.java:1904)
[15:56:35:420 GMT+02:00 16/07/07] 00000024 SystemErr     R 	at com.ibm.rmi.corba.ClientDelegate._createRequest(ClientDelegate.java:1929)
[15:56:35:420 GMT+02:00 16/07/07] 00000024 SystemErr     R 	at com.ibm.rmi.corba.ClientDelegate.createRequest(ClientDelegate.java:1208)
[15:56:35:420 GMT+02:00 16/07/07] 00000024 SystemErr     R 	at com.ibm.CORBA.iiop.ClientDelegate.createRequest(ClientDelegate.java:1287)
[15:56:35:420 GMT+02:00 16/07/07] 00000024 SystemErr     R 	at com.ibm.rmi.corba.ClientDelegate.createRequest(ClientDelegate.java:1141)
[15:56:35:420 GMT+02:00 16/07/07] 00000024 SystemErr     R 	at com.ibm.CORBA.iiop.ClientDelegate.createRequest(ClientDelegate.java:1253)
[15:56:35:420 GMT+02:00 16/07/07] 00000024 SystemErr     R 	at com.ibm.rmi.corba.ClientDelegate.request(ClientDelegate.java:1807)
[15:56:35:420 GMT+02:00 16/07/07] 00000024 SystemErr     R 	at com.ibm.CORBA.iiop.ClientDelegate.request(ClientDelegate.java:1209)
[15:56:35:420 GMT+02:00 16/07/07] 00000024 SystemErr     R 	at org.omg.CORBA.portable.ObjectImpl._request(ObjectImpl.java:458)
[15:56:35:420 GMT+02:00 16/07/07] 00000024 SystemErr     R 	at hoshen.xsm.lightsoft.corba.emsSessionFactory._EmsSessionFactory_IStub.getEmsSession(_EmsSessionFactory_IStub.java:58)
[15:56:35:420 GMT+02:00 16/07/07] 00000024 SystemErr     R 	at hoshen.xsm.lightsoft.LightsoftManager.initSession(LightsoftManager.java:238)
[15:56:35:420 GMT+02:00 16/07/07] 00000024 SystemErr     R 	... 27 more
[15:56:35:420 GMT+02:00 16/07/07] 00000024 SystemErr     R Caused by: java.net.SocketException: Operation timed out: connect:could be due to invalid address
	at java.net.PlainSocketImpl.socketConnect(Native Method)
	at java.net.PlainSocketImpl.doConnect(PlainSocketImpl.java:372)
	at java.net.PlainSocketImpl.connectToAddress(PlainSocketImpl.java:233)
	at java.net.PlainSocketImpl.connect(PlainSocketImpl.java:220)
	at java.net.SocksSocketImpl.connect(SocksSocketImpl.java:378)
	at java.net.Socket.connect(Socket.java:536)
	at java.net.Socket.connect(Socket.java:486)
	at java.net.Socket.<init>(Socket.java:394)
	at java.net.Socket.<init>(Socket.java:207)
	at com.ibm.ws.orbimpl.transport.WSTCPTransportConnection.createSocket(WSTCPTransportConnection.java:224)
	at com.ibm.CORBA.transport.TransportConnectionBase.connect(TransportConnectionBase.java:354)
	at com.ibm.ws.orbimpl.transport.WSTransport.getConnection(WSTransport.java:429)
	at com.ibm.CORBA.transport.TransportBase.getConnection(TransportBase.java:163)
	at com.ibm.rmi.iiop.TransportManager.get(TransportManager.java:93)
	at com.ibm.rmi.iiop.GIOPImpl.getConnection(GIOPImpl.java:115)
	at com.ibm.rmi.iiop.GIOPImpl.locate(GIOPImpl.java:189)
	at com.ibm.rmi.corba.ClientDelegate.locate(ClientDelegate.java:1904)
	at com.ibm.rmi.corba.ClientDelegate._createRequest(ClientDelegate.java:1929)
	at com.ibm.rmi.corba.ClientDelegate.createRequest(ClientDelegate.java:1208)
	at com.ibm.CORBA.iiop.ClientDelegate.createRequest(ClientDelegate.java:1287)
	at com.ibm.rmi.corba.ClientDelegate.createRequest(ClientDelegate.java:1141)
	at com.ibm.CORBA.iiop.ClientDelegate.createRequest(ClientDelegate.java:1253)
	at com.ibm.rmi.corba.ClientDelegate.request(ClientDelegate.java:1807)
	at com.ibm.CORBA.iiop.ClientDelegate.request(ClientDelegate.java:1209)
	at org.omg.CORBA.portable.ObjectImpl._request(ObjectImpl.java:458)
	at hoshen.xsm.lightsoft.corba.emsSessionFactory._EmsSessionFactory_IStub.getEmsSession(_EmsSessionFactory_IStub.java:58)
	at hoshen.xsm.lightsoft.LightsoftManager.initSession(LightsoftManager.java:238)
	at hoshen.xsm.lightsoft.LightsoftManager.<init>(LightsoftManager.java:141)
	at hoshen.xsm.lightsoft.LightsoftManager.getInstance(LightsoftManager.java:114)
	at hoshen.lightsoft.demo.LSDemoServlet.init(LSDemoServlet.java:60)
	at javax.servlet.GenericServlet.init(GenericServlet.java:256)
	at com.ibm.ws.webcontainer.servlet.ServletWrapper.init(ServletWrapper.java:190)
	at com.ibm.ws.wswebcontainer.servlet.ServletWrapper.init(ServletWrapper.java:317)
	at com.ibm.ws.webcontainer.servlet.ServletWrapper.initialize(ServletWrapper.java:1142)
	at com.ibm.ws.wswebcontainer.servlet.ServletWrapper.initialize(ServletWrapper.java:150)
	at com.ibm.wsspi.webcontainer.extension.WebExtensionProcessor.createServletWrapper(WebExtensionProcessor.java:99)
	at com.ibm.ws.webcontainer.webapp.WebApp.getServletWrapper(WebApp.java:767)
	at com.ibm.ws.webcontainer.webapp.WebApp.initializeTargetMappings(WebApp.java:447)
	at com.ibm.ws.webcontainer.webapp.WebApp.commonInitializationFinish(WebApp.java:284)
	at com.ibm.ws.wswebcontainer.webapp.WebApp.initialize(WebApp.java:273)
	at com.ibm.ws.wswebcontainer.webapp.WebGroup.addWebApplication(WebGroup.java:88)
	at com.ibm.ws.wswebcontainer.VirtualHost.addWebApplication(VirtualHost.java:157)
	at com.ibm.ws.wswebcontainer.WebContainer.addWebApp(WebContainer.java:655)
	at com.ibm.ws.wswebcontainer.WebContainer.addWebApplication(WebContainer.java:608)
	at com.ibm.ws.webcontainer.component.WebContainerImpl.install(WebContainerImpl.java:333)
	at com.ibm.ws.webcontainer.component.WebContainerImpl.start(WebContainerImpl.java:549)
	at com.ibm.ws.runtime.component.ApplicationMgrImpl.start(ApplicationMgrImpl.java:1312)
	at com.ibm.ws.runtime.component.DeployedApplicationImpl.fireDeployedObjectStart(DeployedApplicationImpl.java:1129)
	at com.ibm.ws.runtime.component.DeployedModuleImpl.start(DeployedModuleImpl.java:569)
	at com.ibm.ws.runtime.component.DeployedApplicationImpl.start(DeployedApplicationImpl.java:814)
	at com.ibm.ws.runtime.component.ApplicationMgrImpl.startApplication(ApplicationMgrImpl.java:965)
	at com.ibm.ws.runtime.component.ApplicationMgrImpl$AppInitializer.run(ApplicationMgrImpl.java:2131)
	at com.ibm.wsspi.runtime.component.WsComponentImpl$_AsynchInitializer.run(WsComponentImpl.java:340)
	at com.ibm.ws.util.ThreadPool$Worker.run(ThreadPool.java:1469)

[15:56:35:420 GMT+02:00 16/07/07] 00000024 SystemErr     R 	at java.net.PlainSocketImpl.socketConnect(Native Method)
[15:56:35:420 GMT+02:00 16/07/07] 00000024 SystemErr     R 	at java.net.PlainSocketImpl.doConnect(PlainSocketImpl.java:372)
[15:56:35:420 GMT+02:00 16/07/07] 00000024 SystemErr     R 	at java.net.PlainSocketImpl.connectToAddress(PlainSocketImpl.java:233)
[15:56:35:420 GMT+02:00 16/07/07] 00000024 SystemErr     R 	at java.net.PlainSocketImpl.connect(PlainSocketImpl.java:220)
[15:56:35:420 GMT+02:00 16/07/07] 00000024 SystemErr     R 	at java.net.SocksSocketImpl.connect(SocksSocketImpl.java:378)
[15:56:35:420 GMT+02:00 16/07/07] 00000024 SystemErr     R 	at java.net.Socket.connect(Socket.java:536)
[15:56:35:420 GMT+02:00 16/07/07] 00000024 SystemErr     R 	at java.net.Socket.connect(Socket.java:486)
[15:56:35:420 GMT+02:00 16/07/07] 00000024 SystemErr     R 	at java.net.Socket.<init>(Socket.java:394)
[15:56:35:420 GMT+02:00 16/07/07] 00000024 SystemErr     R 	at java.net.Socket.<init>(Socket.java:207)
[15:56:35:420 GMT+02:00 16/07/07] 00000024 SystemErr     R 	at com.ibm.ws.orbimpl.transport.WSTCPTransportConnection.createSocket(WSTCPTransportConnection.java:224)
[15:56:35:420 GMT+02:00 16/07/07] 00000024 SystemErr     R 	at com.ibm.CORBA.transport.TransportConnectionBase.connect(TransportConnectionBase.java:354)
[15:56:35:420 GMT+02:00 16/07/07] 00000024 SystemErr     R 	... 43 more
[16:01:02:521 GMT+02:00 16/07/07] 00000030 SystemErr     R javax.jms.JMSException: CWSIA0067E: An exception was received during the call to the method JmsMsgProducerImpl.sendMessage (#4): com.ibm.ws.sib.processor.exceptions.SIMPLimitExceededException: CWSIK0025E: The destination _PSIMP.TDRECEIVER_174597E71C02317E on messaging engine N814Node03.server1-busHOSHEN is not available because the high limit for the number of messages for this destination has already been reached..
[16:01:02:521 GMT+02:00 16/07/07] 00000030 SystemErr     R 	at com.ibm.ws.sib.api.jms.impl.JmsMsgProducerImpl.sendMessage(JmsMsgProducerImpl.java:1695)
[16:01:02:521 GMT+02:00 16/07/07] 00000030 SystemErr     R 	at com.ibm.ws.sib.api.jms.impl.JmsMsgProducerImpl.send(JmsMsgProducerImpl.java:1016)
[16:01:02:521 GMT+02:00 16/07/07] 00000030 SystemErr     R 	at com.JmsTestSenderBean.senderJms(JmsTestSenderBean.java:98)
[16:01:02:521 GMT+02:00 16/07/07] 00000030 SystemErr     R 	at com.EJSRemoteStatelessJmsTestSender_00dc3a70.senderJms(EJSRemoteStatelessJmsTestSender_00dc3a70.java:29)
[16:01:02:521 GMT+02:00 16/07/07] 00000030 SystemErr     R 	at com._EJSRemoteStatelessJmsTestSender_00dc3a70_Tie.senderJms(_EJSRemoteStatelessJmsTestSender_00dc3a70_Tie.java:172)
[16:01:02:521 GMT+02:00 16/07/07] 00000030 SystemErr     R 	at com._EJSRemoteStatelessJmsTestSender_00dc3a70_Tie._invoke(_EJSRemoteStatelessJmsTestSender_00dc3a70_Tie.java:88)
[16:01:02:521 GMT+02:00 16/07/07] 00000030 SystemErr     R 	at com.ibm.CORBA.iiop.ServerDelegate.dispatchInvokeHandler(ServerDelegate.java:613)
[16:01:02:521 GMT+02:00 16/07/07] 00000030 SystemErr     R 	at com.ibm.CORBA.iiop.ServerDelegate.dispatch(ServerDelegate.java:466)
[16:01:02:521 GMT+02:00 16/07/07] 00000030 SystemErr     R 	at com.ibm.rmi.iiop.ORB.process(ORB.java:503)
[16:01:02:521 GMT+02:00 16/07/07] 00000030 SystemErr     R 	at com.ibm.CORBA.iiop.ORB.process(ORB.java:1552)
[16:01:02:521 GMT+02:00 16/07/07] 00000030 SystemErr     R 	at com.ibm.rmi.iiop.Connection.respondTo(Connection.java:2673)
[16:01:02:521 GMT+02:00 16/07/07] 00000030 SystemErr     R 	at com.ibm.rmi.iiop.Connection.doWork(Connection.java:2551)
[16:01:02:521 GMT+02:00 16/07/07] 00000030 SystemErr     R 	at com.ibm.rmi.iiop.WorkUnitImpl.doWork(WorkUnitImpl.java:62)
[16:01:02:521 GMT+02:00 16/07/07] 00000030 SystemErr     R 	at com.ibm.ejs.oa.pool.PooledThread.run(ThreadPool.java:118)
[16:01:02:521 GMT+02:00 16/07/07] 00000030 SystemErr     R 	at com.ibm.ws.util.ThreadPool$Worker.run(ThreadPool.java:1469)
[16:01:02:521 GMT+02:00 16/07/07] 00000030 SystemErr     R Caused by: com.ibm.ws.sib.processor.exceptions.SIMPLimitExceededException: CWSIK0025E: The destination _PSIMP.TDRECEIVER_174597E71C02317E on messaging engine N814Node03.server1-busHOSHEN is not available because the high limit for the number of messages for this destination has already been reached.
	at com.ibm.ws.sib.processor.impl.PtoPInputHandler.checkHandlerAvailable(PtoPInputHandler.java:2128)
	at com.ibm.ws.sib.processor.impl.PtoPInputHandler.handleMessage(PtoPInputHandler.java:408)
	at com.ibm.ws.sib.processor.impl.ProducerSessionImpl.send(ProducerSessionImpl.java:545)
	at com.ibm.ws.sib.api.jms.impl.JmsMsgProducerImpl.sendMessage(JmsMsgProducerImpl.java:1637)
	at com.ibm.ws.sib.api.jms.impl.JmsMsgProducerImpl.send(JmsMsgProducerImpl.java:1016)
	at com.JmsTestSenderBean.senderJms(JmsTestSenderBean.java:98)
	at com.EJSRemoteStatelessJmsTestSender_00dc3a70.senderJms(EJSRemoteStatelessJmsTestSender_00dc3a70.java:29)
	at com._EJSRemoteStatelessJmsTestSender_00dc3a70_Tie.senderJms(_EJSRemoteStatelessJmsTestSender_00dc3a70_Tie.java:172)
	at com._EJSRemoteStatelessJmsTestSender_00dc3a70_Tie._invoke(_EJSRemoteStatelessJmsTestSender_00dc3a70_Tie.java:88)
	at com.ibm.CORBA.iiop.ServerDelegate.dispatchInvokeHandler(ServerDelegate.java:613)
	at com.ibm.CORBA.iiop.ServerDelegate.dispatch(ServerDelegate.java:466)
	at com.ibm.rmi.iiop.ORB.process(ORB.java:503)
	at com.ibm.CORBA.iiop.ORB.process(ORB.java:1552)
	at com.ibm.rmi.iiop.Connection.respondTo(Connection.java:2673)
	at com.ibm.rmi.iiop.Connection.doWork(Connection.java:2551)
	at com.ibm.rmi.iiop.WorkUnitImpl.doWork(WorkUnitImpl.java:62)
	at com.ibm.ejs.oa.pool.PooledThread.run(ThreadPool.java:118)
	at com.ibm.ws.util.ThreadPool$Worker.run(ThreadPool.java:1469)

[16:01:02:521 GMT+02:00 16/07/07] 00000030 SystemErr     R 	at com.ibm.ws.sib.processor.impl.PtoPInputHandler.checkHandlerAvailable(PtoPInputHandler.java:2128)
[16:01:02:521 GMT+02:00 16/07/07] 00000030 SystemErr     R 	at com.ibm.ws.sib.processor.impl.PtoPInputHandler.handleMessage(PtoPInputHandler.java:408)
[16:01:02:521 GMT+02:00 16/07/07] 00000030 SystemErr     R 	at com.ibm.ws.sib.processor.impl.ProducerSessionImpl.send(ProducerSessionImpl.java:545)
[16:01:02:521 GMT+02:00 16/07/07] 00000030 SystemErr     R 	at com.ibm.ws.sib.api.jms.impl.JmsMsgProducerImpl.sendMessage(JmsMsgProducerImpl.java:1637)
[16:01:02:521 GMT+02:00 16/07/07] 00000030 SystemErr     R 	... 14 more
