
====== CLASS `DBSNBASubnetwork' ====== [dc3c6b68]
superclasses:
    `DBBase'
attributes:
  * 
  DBAbstrBase::o_ts_timestamp    :  o_4b
  DBBase::m_NavTailLink          -> NavTailBase
  DBSNBASubnetwork::m_ObjectDN   :  char[]
  DBSNBASubnetwork::m_UserLabel  :  char[]
  DBSNBASubnetwork::m_NativeName :  char[]
  DBSNBASubnetwork::m_Owner      :  char[]
  * 
  DBSNBASubnetwork::m_Rates.VEList<o_2b>::elements :  o_2b[]
  DBSNBASubnetwork::m_Rates.VEList<o_2b>::links :  o_4b[]

Instances of class 'DBSNBASubnetwork' :

## L {=0x1003aafd8;c_l_();;0} #0x1003aafd8[1.0.936969:DBSNBASubnetwork]  T=0x1003b17a0 {reg} (nms_db)
## 	DBAbstrBase::o_ts_timestamp   0 
## 	DBBase::m_NavTailLink   #NIL 
## 	DBSNBASubnetwork::m_ObjectDN   35="NMS~~LSN:NMS@@SNBASubnetwork~~0001" 
## 	DBSNBASubnetwork::m_UserLabel   25="ECI LightSoft Subnetwork" 
## 	DBSNBASubnetwork::m_NativeName   25="ECI LightSoft Subnetwork" 
## 	DBSNBASubnetwork::m_Owner   0="" 
## 	DBSNBASubnetwork::m_Rates.VEList<o_2b>::elements   49=( 4 5 7 8 11 12 13 14 15 16 17 18 20 21 22 23 
## 		16... 25 26 27 28 40 41 42 46 47 49 50 61 68 73 74 76 
## 		32... 77 80 81 82 83 84 85 87 96 97 32003 32004 32005 32006 32007 32008 
## 		48... 32009 ) 
## 	DBSNBASubnetwork::m_Rates.VEList<o_2b>::links   0=( ) 


****** Total 1 instances of class 'DBSNBASubnetwork' ******

