************ Start Display Current Environment ************
Host Operating System is Windows XP, version 5.1 build 2600 Service Pack 2
Java version = J2RE 1.5.0 IBM J9 2.3 Windows XP x86-32 j9vmwi3223-20060504 (JIT enabled)
J9VM - 20060501_06428_lHdSMR
JIT  - 20060428_1800_r8
GC   - 20060501_AA, Java Compiler = j9jit23, Java VM name = IBM J9 VM
was.install.root = C:\Program Files\IBM\SDP70_1\runtimes\base_v61
user.install.root = C:\Program Files\IBM\SDP70_1\runtimes\base_v61\profiles\AppSrv01
Java Home = C:\Program Files\IBM\SDP70_1\runtimes\base_v61\java\jre
ws.ext.dirs = C:\\Program Files\\IBM\\SDP70_1\\runtimes\\base_v61\\java\\lib;C:\\Program Files\\IBM\\SDP70_1\\runtimes\\base_v61\\classes;C:\\Program Files\\IBM\\SDP70_1\\runtimes\\base_v61\\lib;C:\\Program Files\\IBM\\SDP70_1\\runtimes\\base_v61\\installedChannels;C:\\Program Files\\IBM\\SDP70_1\\runtimes\\base_v61\\lib\\ext;C:\\Program Files\\IBM\\SDP70_1\\runtimes\\base_v61\\web\\help;C:\\Program Files\\IBM\\SDP70_1\\runtimes\\base_v61\\deploytool\\itp\\plugins\\com.ibm.etools.ejbdeploy\\runtime
Classpath = C:\Program Files\IBM\SDP70_1\runtimes\base_v61\profiles\AppSrv01\properties;C:\Program Files\IBM\SDP70_1\runtimes\base_v61\properties;C:\Program Files\IBM\SDP70_1\runtimes\base_v61\lib\startup.jar;C:\Program Files\IBM\SDP70_1\runtimes\base_v61\lib\bootstrap.jar;C:\Program Files\IBM\SDP70_1\runtimes\base_v61/lib/j2ee.jar;C:\Program Files\IBM\SDP70_1\runtimes\base_v61/lib/lmproxy.jar;C:\Program Files\IBM\SDP70_1\runtimes\base_v61/lib/urlprotocols.jar;C:\Program Files\IBM\SDP70_1\runtimes\base_v61\java\lib\tools.jar
Java Library path = C:\Program Files\IBM\SDP70_1\runtimes\base_v61\java\jre\bin;.;C:\Program Files\IBM\SDP70_1\runtimes\base_v61\java\jre\bin;C:\Program Files\IBM\SDP70_1\runtimes\base_v61\bin;C:\Program Files\IBM\SDP70_1\runtimes\base_v61\java\bin;C:\Program Files\IBM\SDP70_1\runtimes\base_v61\java\jre\bin;C:\Program Files\CA\SharedComponents\CAWIN\;C:\WINDOWS\system32;C:\WINDOWS;C:\WINDOWS\System32\Wbem;C:\hoshentools\.;c:\Oracle\Ora10g\bin;C:\WINDOWS\Microsoft.NET\Framework\v1.1.4322;C:\Program Files\Microsoft Visual Studio .NET 2003\SDK\v1.1\bin;C:\Program Files\IBM\Rational\SDP\6.0\runtimes\base_v6\java\bin;C:\Dependencies\apache-ant\1.6.5\bin;C:\Dependencies\ikvm\0.22.0.0\bin;C:\Program Files\IBM\Rational\SDP\6.0;C:\Program Files\IBM\Rational\SDP\6.0\bin;C:\Program Files\IBM\Rational\SDP\6.0\eclipse;C:\Program Files\IBM\Rational\SDP\6.0\runtimes\base_v6\bin;C:\Program Files\CA\SharedComponents\CAM\bin;C:\CA_APPSW;C:\Program Files\CA\Unicenter DSM\bin;C:\Program Files\Rational\common;C:\Program Files\Rational\ClearCase\bin
Current trace specification = *=info:com.ibm.*=all
************* End Display Current Environment *************
[16:42:59:780 IDT 16/07/07] 0000000a ManagerAdmin  I   TRAS0017I: The startup trace state is *=info:com.ibm.*=all.
[16:42:59:796 IDT 16/07/07] 0000000a WsServerContr 1   Executing executeUtilityOnWindows with args: C:\Program Files\IBM\SDP70_1\runtimes\base_v61\profiles\AppSrv01\config N814Node03Cell N814Node03 server1 
[16:42:59:796 IDT 16/07/07] 0000000a WsServerContr 1   Getting WindowsService obj with: server1 and C:\Program Files\IBM\SDP70_1\runtimes\base_v61\profiles\AppSrv01\config N814Node03Cell N814Node03 server1 
[16:42:59:811 IDT 16/07/07] 0000000a WindowsServic >  getWindowsServiceNameForServer() Entry
[16:42:59:811 IDT 16/07/07] 0000000a WindowsServic 1   In executeCommand, args are: C:\Program Files\IBM\SDP70_1\runtimes\base_v61\bin\WASService.exe -getServiceName server1 -profilePath C:\Program Files\IBM\SDP70_1\runtimes\base_v61\profiles\AppSrv01 
[16:42:59:827 IDT 16/07/07] 0000000a WindowsServic 1   Runtime.exec() returned process java.lang.ProcessImpl@7340734
[16:42:59:842 IDT 16/07/07] 0000000a WindowsServic 1   retCode from childProcess.waitFor() is 0
[16:42:59:858 IDT 16/07/07] 0000000a WindowsServic 3   exitCode = 0
[16:43:00:858 IDT 16/07/07] 0000000a WindowsServic 1   Trying to new up WindowsService using serverName=server1, winServiceName=null
[16:43:00:858 IDT 16/07/07] 0000000a ManagerAdmin  I   TRAS0018I: The trace state has changed. The new trace state is *=info.
[16:43:00:936 IDT 16/07/07] 0000000a AdminTool     A   ADMU0128I: Starting tool with the AppSrv01 profile
[16:43:00:936 IDT 16/07/07] 0000000a AdminTool     A   ADMU3100I: Reading configuration for server: server1
[16:43:06:264 IDT 16/07/07] 0000000a AdminTool     A   ADMU3200I: Server launched. Waiting for initialization status.
[16:43:41:796 IDT 16/07/07] 0000000a AdminTool     A   ADMU3000I: Server server1 open for e-business; process id is 5592
