[16:05:45:478 GMT+02:00 16/07/07] 0000002e SystemErr     R javax.jms.JMSException: CWSIA0067E: An exception was received during the call to the method JmsMsgProducerImpl.sendMessage (#4): com.ibm.ws.sib.processor.exceptions.SIMPLimitExceededException: CWSIK0025E: The destination _PSIMP.TDRECEIVER_82F8A0F1979DB2CE on messaging engine N815Node01.server1-busHOSHEN is not available because the high limit for the number of messages for this destination has already been reached..
[16:05:45:478 GMT+02:00 16/07/07] 0000002e SystemErr     R 	at com.ibm.ws.sib.api.jms.impl.JmsMsgProducerImpl.sendMessage(JmsMsgProducerImpl.java:1695)
[16:05:45:478 GMT+02:00 16/07/07] 0000002e SystemErr     R 	at com.ibm.ws.sib.api.jms.impl.JmsMsgProducerImpl.send(JmsMsgProducerImpl.java:1016)
[16:05:45:478 GMT+02:00 16/07/07] 0000002e SystemErr     R 	at com.JmsTestSenderBean.senderJms(JmsTestSenderBean.java:98)
[16:05:45:478 GMT+02:00 16/07/07] 0000002e SystemErr     R 	at com.EJSRemoteStatelessJmsTestSender_00dc3a70.senderJms(EJSRemoteStatelessJmsTestSender_00dc3a70.java:29)
[16:05:45:478 GMT+02:00 16/07/07] 0000002e SystemErr     R 	at com._EJSRemoteStatelessJmsTestSender_00dc3a70_Tie.senderJms(_EJSRemoteStatelessJmsTestSender_00dc3a70_Tie.java:172)
[16:05:45:478 GMT+02:00 16/07/07] 0000002e SystemErr     R 	at com._EJSRemoteStatelessJmsTestSender_00dc3a70_Tie._invoke(_EJSRemoteStatelessJmsTestSender_00dc3a70_Tie.java:88)
[16:05:45:478 GMT+02:00 16/07/07] 0000002e SystemErr     R 	at com.ibm.CORBA.iiop.ServerDelegate.dispatchInvokeHandler(ServerDelegate.java:613)
[16:05:45:478 GMT+02:00 16/07/07] 0000002e SystemErr     R 	at com.ibm.CORBA.iiop.ServerDelegate.dispatch(ServerDelegate.java:466)
[16:05:45:478 GMT+02:00 16/07/07] 0000002e SystemErr     R 	at com.ibm.rmi.iiop.ORB.process(ORB.java:503)
[16:05:45:478 GMT+02:00 16/07/07] 0000002e SystemErr     R 	at com.ibm.CORBA.iiop.ORB.process(ORB.java:1552)
[16:05:45:493 GMT+02:00 16/07/07] 0000002e SystemErr     R 	at com.ibm.rmi.iiop.Connection.respondTo(Connection.java:2673)
[16:05:45:493 GMT+02:00 16/07/07] 0000002e SystemErr     R 	at com.ibm.rmi.iiop.Connection.doWork(Connection.java:2551)
[16:05:45:493 GMT+02:00 16/07/07] 0000002e SystemErr     R 	at com.ibm.rmi.iiop.WorkUnitImpl.doWork(WorkUnitImpl.java:62)
[16:05:45:493 GMT+02:00 16/07/07] 0000002e SystemErr     R 	at com.ibm.ejs.oa.pool.PooledThread.run(ThreadPool.java:118)
[16:05:45:493 GMT+02:00 16/07/07] 0000002e SystemErr     R 	at com.ibm.ws.util.ThreadPool$Worker.run(ThreadPool.java:1469)
[16:05:45:493 GMT+02:00 16/07/07] 0000002e SystemErr     R Caused by: com.ibm.ws.sib.processor.exceptions.SIMPLimitExceededException: CWSIK0025E: The destination _PSIMP.TDRECEIVER_82F8A0F1979DB2CE on messaging engine N815Node01.server1-busHOSHEN is not available because the high limit for the number of messages for this destination has already been reached.
	at com.ibm.ws.sib.processor.impl.PtoPInputHandler.checkHandlerAvailable(PtoPInputHandler.java:2128)
	at com.ibm.ws.sib.processor.impl.PtoPInputHandler.handleMessage(PtoPInputHandler.java:408)
	at com.ibm.ws.sib.processor.impl.ProducerSessionImpl.send(ProducerSessionImpl.java:545)
	at com.ibm.ws.sib.api.jms.impl.JmsMsgProducerImpl.sendMessage(JmsMsgProducerImpl.java:1637)
	at com.ibm.ws.sib.api.jms.impl.JmsMsgProducerImpl.send(JmsMsgProducerImpl.java:1016)
	at com.JmsTestSenderBean.senderJms(JmsTestSenderBean.java:98)
	at com.EJSRemoteStatelessJmsTestSender_00dc3a70.senderJms(EJSRemoteStatelessJmsTestSender_00dc3a70.java:29)
	at com._EJSRemoteStatelessJmsTestSender_00dc3a70_Tie.senderJms(_EJSRemoteStatelessJmsTestSender_00dc3a70_Tie.java:172)
	at com._EJSRemoteStatelessJmsTestSender_00dc3a70_Tie._invoke(_EJSRemoteStatelessJmsTestSender_00dc3a70_Tie.java:88)
	at com.ibm.CORBA.iiop.ServerDelegate.dispatchInvokeHandler(ServerDelegate.java:613)
	at com.ibm.CORBA.iiop.ServerDelegate.dispatch(ServerDelegate.java:466)
	at com.ibm.rmi.iiop.ORB.process(ORB.java:503)
	at com.ibm.CORBA.iiop.ORB.process(ORB.java:1552)
	at com.ibm.rmi.iiop.Connection.respondTo(Connection.java:2673)
	at com.ibm.rmi.iiop.Connection.doWork(Connection.java:2551)
	at com.ibm.rmi.iiop.WorkUnitImpl.doWork(WorkUnitImpl.java:62)
	at com.ibm.ejs.oa.pool.PooledThread.run(ThreadPool.java:118)
	at com.ibm.ws.util.ThreadPool$Worker.run(ThreadPool.java:1469)

[16:05:45:493 GMT+02:00 16/07/07] 0000002e SystemErr     R 	at com.ibm.ws.sib.processor.impl.PtoPInputHandler.checkHandlerAvailable(PtoPInputHandler.java:2128)
[16:05:45:493 GMT+02:00 16/07/07] 0000002e SystemErr     R 	at com.ibm.ws.sib.processor.impl.PtoPInputHandler.handleMessage(PtoPInputHandler.java:408)
[16:05:45:493 GMT+02:00 16/07/07] 0000002e SystemErr     R 	at com.ibm.ws.sib.processor.impl.ProducerSessionImpl.send(ProducerSessionImpl.java:545)
[16:05:45:493 GMT+02:00 16/07/07] 0000002e SystemErr     R 	at com.ibm.ws.sib.api.jms.impl.JmsMsgProducerImpl.sendMessage(JmsMsgProducerImpl.java:1637)
[16:05:45:493 GMT+02:00 16/07/07] 0000002e SystemErr     R 	... 14 more
